[3.178s] Invoking command in '/home/mcpslab/Desktop/ROS-Tutorials/Node-Test/src/oakd': PYTHONPATH=/home/mcpslab/Desktop/ROS-Tutorials/Node-Test/install/oakd/lib/python3.8/site-packages:${PYTHONPATH} /usr/bin/python3 setup.py egg_info --egg-base ../../build/oakd build --build-base /home/mcpslab/Desktop/ROS-Tutorials/Node-Test/build/oakd/build install --prefix /home/mcpslab/Desktop/ROS-Tutorials/Node-Test/install/oakd --record /home/mcpslab/Desktop/ROS-Tutorials/Node-Test/build/oakd/install.log --single-version-externally-managed
[3.719s] running egg_info
[3.723s] writing ../../build/oakd/oakd.egg-info/PKG-INFO
[3.724s] writing dependency_links to ../../build/oakd/oakd.egg-info/dependency_links.txt
[3.724s] writing entry points to ../../build/oakd/oakd.egg-info/entry_points.txt
[3.725s] writing requirements to ../../build/oakd/oakd.egg-info/requires.txt
[3.725s] writing top-level names to ../../build/oakd/oakd.egg-info/top_level.txt
[3.921s] reading manifest file '../../build/oakd/oakd.egg-info/SOURCES.txt'
[3.972s] writing manifest file '../../build/oakd/oakd.egg-info/SOURCES.txt'
[3.972s] running build
[3.973s] running build_py
[3.973s] copying oakd/oakd_member_function.py -> /home/mcpslab/Desktop/ROS-Tutorials/Node-Test/build/oakd/build/lib/oakd
[3.975s] running install
[3.979s] running install_lib
[3.986s] copying /home/mcpslab/Desktop/ROS-Tutorials/Node-Test/build/oakd/build/lib/oakd/oakd_member_function.py -> /home/mcpslab/Desktop/ROS-Tutorials/Node-Test/install/oakd/lib/python3.8/site-packages/oakd
[3.989s] byte-compiling /home/mcpslab/Desktop/ROS-Tutorials/Node-Test/install/oakd/lib/python3.8/site-packages/oakd/oakd_member_function.py to oakd_member_function.cpython-38.pyc
[4.001s] running install_data
[4.004s] running install_egg_info
[4.009s] removing '/home/mcpslab/Desktop/ROS-Tutorials/Node-Test/install/oakd/lib/python3.8/site-packages/oakd-0.0.0-py3.8.egg-info' (and everything under it)
[4.010s] Copying ../../build/oakd/oakd.egg-info to /home/mcpslab/Desktop/ROS-Tutorials/Node-Test/install/oakd/lib/python3.8/site-packages/oakd-0.0.0-py3.8.egg-info
[4.012s] running install_scripts
[4.093s] Installing oakd_starter script to /home/mcpslab/Desktop/ROS-Tutorials/Node-Test/install/oakd/lib/oakd
[4.094s] writing list of installed files to '/home/mcpslab/Desktop/ROS-Tutorials/Node-Test/build/oakd/install.log'
[4.178s] Invoked command in '/home/mcpslab/Desktop/ROS-Tutorials/Node-Test/src/oakd' returned '0': PYTHONPATH=/home/mcpslab/Desktop/ROS-Tutorials/Node-Test/install/oakd/lib/python3.8/site-packages:${PYTHONPATH} /usr/bin/python3 setup.py egg_info --egg-base ../../build/oakd build --build-base /home/mcpslab/Desktop/ROS-Tutorials/Node-Test/build/oakd/build install --prefix /home/mcpslab/Desktop/ROS-Tutorials/Node-Test/install/oakd --record /home/mcpslab/Desktop/ROS-Tutorials/Node-Test/build/oakd/install.log --single-version-externally-managed
