/home/mcpslab/Desktop/Underwater-github/Underwater/Optical_Aspect/install/Camera_pkg/lib/python3.8/site-packages/Camera_pkg/oakd_rgb_function.py
/home/mcpslab/Desktop/Underwater-github/Underwater/Optical_Aspect/install/Camera_pkg/lib/python3.8/site-packages/Camera_pkg/oakd_receiver_function.py
/home/mcpslab/Desktop/Underwater-github/Underwater/Optical_Aspect/install/Camera_pkg/lib/python3.8/site-packages/Camera_pkg/oakd_imu_rotation_vector.py
/home/mcpslab/Desktop/Underwater-github/Underwater/Optical_Aspect/install/Camera_pkg/lib/python3.8/site-packages/Camera_pkg/oakd_stereo_function.py
/home/mcpslab/Desktop/Underwater-github/Underwater/Optical_Aspect/install/Camera_pkg/lib/python3.8/site-packages/Camera_pkg/__init__.py
/home/mcpslab/Desktop/Underwater-github/Underwater/Optical_Aspect/install/Camera_pkg/lib/python3.8/site-packages/Camera_pkg/oakd_main_function.py
/home/mcpslab/Desktop/Underwater-github/Underwater/Optical_Aspect/install/Camera_pkg/lib/python3.8/site-packages/Camera_pkg/oakd_imu_function.py
/home/mcpslab/Desktop/Underwater-github/Underwater/Optical_Aspect/install/Camera_pkg/lib/python3.8/site-packages/Camera_pkg/camera_node.py
/home/mcpslab/Desktop/Underwater-github/Underwater/Optical_Aspect/install/Camera_pkg/lib/python3.8/site-packages/Camera_pkg/__pycache__/oakd_rgb_function.cpython-38.pyc
/home/mcpslab/Desktop/Underwater-github/Underwater/Optical_Aspect/install/Camera_pkg/lib/python3.8/site-packages/Camera_pkg/__pycache__/oakd_receiver_function.cpython-38.pyc
/home/mcpslab/Desktop/Underwater-github/Underwater/Optical_Aspect/install/Camera_pkg/lib/python3.8/site-packages/Camera_pkg/__pycache__/oakd_imu_rotation_vector.cpython-38.pyc
/home/mcpslab/Desktop/Underwater-github/Underwater/Optical_Aspect/install/Camera_pkg/lib/python3.8/site-packages/Camera_pkg/__pycache__/oakd_stereo_function.cpython-38.pyc
/home/mcpslab/Desktop/Underwater-github/Underwater/Optical_Aspect/install/Camera_pkg/lib/python3.8/site-packages/Camera_pkg/__pycache__/__init__.cpython-38.pyc
/home/mcpslab/Desktop/Underwater-github/Underwater/Optical_Aspect/install/Camera_pkg/lib/python3.8/site-packages/Camera_pkg/__pycache__/oakd_main_function.cpython-38.pyc
/home/mcpslab/Desktop/Underwater-github/Underwater/Optical_Aspect/install/Camera_pkg/lib/python3.8/site-packages/Camera_pkg/__pycache__/oakd_imu_function.cpython-38.pyc
/home/mcpslab/Desktop/Underwater-github/Underwater/Optical_Aspect/install/Camera_pkg/lib/python3.8/site-packages/Camera_pkg/__pycache__/camera_node.cpython-38.pyc
/home/mcpslab/Desktop/Underwater-github/Underwater/Optical_Aspect/install/Camera_pkg/share/ament_index/resource_index/packages/Camera_pkg
/home/mcpslab/Desktop/Underwater-github/Underwater/Optical_Aspect/install/Camera_pkg/share/Camera_pkg/package.xml
/home/mcpslab/Desktop/Underwater-github/Underwater/Optical_Aspect/install/Camera_pkg/lib/python3.8/site-packages/Camera_pkg-0.0.0-py3.8.egg-info/top_level.txt
/home/mcpslab/Desktop/Underwater-github/Underwater/Optical_Aspect/install/Camera_pkg/lib/python3.8/site-packages/Camera_pkg-0.0.0-py3.8.egg-info/zip-safe
/home/mcpslab/Desktop/Underwater-github/Underwater/Optical_Aspect/install/Camera_pkg/lib/python3.8/site-packages/Camera_pkg-0.0.0-py3.8.egg-info/dependency_links.txt
/home/mcpslab/Desktop/Underwater-github/Underwater/Optical_Aspect/install/Camera_pkg/lib/python3.8/site-packages/Camera_pkg-0.0.0-py3.8.egg-info/SOURCES.txt
/home/mcpslab/Desktop/Underwater-github/Underwater/Optical_Aspect/install/Camera_pkg/lib/python3.8/site-packages/Camera_pkg-0.0.0-py3.8.egg-info/requires.txt
/home/mcpslab/Desktop/Underwater-github/Underwater/Optical_Aspect/install/Camera_pkg/lib/python3.8/site-packages/Camera_pkg-0.0.0-py3.8.egg-info/entry_points.txt
/home/mcpslab/Desktop/Underwater-github/Underwater/Optical_Aspect/install/Camera_pkg/lib/python3.8/site-packages/Camera_pkg-0.0.0-py3.8.egg-info/PKG-INFO
/home/mcpslab/Desktop/Underwater-github/Underwater/Optical_Aspect/install/Camera_pkg/lib/Camera_pkg/camera_node
/home/mcpslab/Desktop/Underwater-github/Underwater/Optical_Aspect/install/Camera_pkg/lib/Camera_pkg/oakd_imu_function
/home/mcpslab/Desktop/Underwater-github/Underwater/Optical_Aspect/install/Camera_pkg/lib/Camera_pkg/oakd_imu_rotation_function
/home/mcpslab/Desktop/Underwater-github/Underwater/Optical_Aspect/install/Camera_pkg/lib/Camera_pkg/oakd_main
/home/mcpslab/Desktop/Underwater-github/Underwater/Optical_Aspect/install/Camera_pkg/lib/Camera_pkg/oakd_receiver
/home/mcpslab/Desktop/Underwater-github/Underwater/Optical_Aspect/install/Camera_pkg/lib/Camera_pkg/oakd_rgb
/home/mcpslab/Desktop/Underwater-github/Underwater/Optical_Aspect/install/Camera_pkg/lib/Camera_pkg/oakd_stereo
