[1.663s] DEBUG:colcon:Command line arguments: ['/usr/bin/colcon', 'build', '--packages-select', 'oakd']
[1.664s] DEBUG:colcon:Parsed command line arguments: Namespace(allow_overriding=[], ament_cmake_args=None, base_paths=['.'], build_base='build', catkin_cmake_args=None, catkin_skip_building_tests=False, cmake_args=None, cmake_clean_cache=False, cmake_clean_first=False, cmake_force_configure=False, cmake_target=None, cmake_target_skip_unavailable=False, continue_on_error=False, event_handlers=None, executor='parallel', ignore_user_meta=False, install_base='install', log_base=None, log_level=None, main=<bound method BuildVerb.main of <colcon_core.verb.build.BuildVerb object at 0x7fecd098d6d0>>, merge_install=False, metas=['./colcon.meta'], packages_above=None, packages_above_and_dependencies=None, packages_above_depth=None, packages_end=None, packages_ignore=None, packages_ignore_regex=None, packages_select=['oakd'], packages_select_build_failed=False, packages_select_by_dep=None, packages_select_regex=None, packages_select_test_failures=False, packages_skip=None, packages_skip_build_finished=False, packages_skip_by_dep=None, packages_skip_regex=None, packages_skip_test_passed=False, packages_skip_up_to=None, packages_start=None, packages_up_to=None, packages_up_to_regex=None, parallel_workers=4, paths=None, symlink_install=False, test_result_base=None, verb_extension=<colcon_core.verb.build.BuildVerb object at 0x7fecd098d6d0>, verb_name='build', verb_parser=<colcon_defaults.argument_parser.defaults.DefaultArgumentsDecorator object at 0x7fecd098dc40>)
[1.794s] Level 1:colcon.colcon_core.package_discovery:discover_packages(colcon_meta) check parameters
[1.794s] Level 1:colcon.colcon_core.package_discovery:discover_packages(recursive) check parameters
[1.794s] Level 1:colcon.colcon_core.package_discovery:discover_packages(ignore) check parameters
[1.794s] Level 1:colcon.colcon_core.package_discovery:discover_packages(path) check parameters
[1.794s] Level 1:colcon.colcon_core.package_discovery:discover_packages(colcon_meta) discover
[1.795s] Level 1:colcon.colcon_core.package_discovery:discover_packages(recursive) discover
[1.795s] INFO:colcon.colcon_core.package_discovery:Crawling recursively for packages in '/home/mcpslab/Desktop/ROS-Tutorials/Node-Test'
[1.795s] Level 1:colcon.colcon_core.package_identification:_identify(.) by extensions ['ignore', 'ignore_ament_install']
[1.795s] Level 1:colcon.colcon_core.package_identification:_identify(.) by extension 'ignore'
[1.795s] Level 1:colcon.colcon_core.package_identification:_identify(.) by extension 'ignore_ament_install'
[1.795s] Level 1:colcon.colcon_core.package_identification:_identify(.) by extensions ['colcon_pkg']
[1.796s] Level 1:colcon.colcon_core.package_identification:_identify(.) by extension 'colcon_pkg'
[1.796s] Level 1:colcon.colcon_core.package_identification:_identify(.) by extensions ['colcon_meta']
[1.796s] Level 1:colcon.colcon_core.package_identification:_identify(.) by extension 'colcon_meta'
[1.796s] Level 1:colcon.colcon_core.package_identification:_identify(.) by extensions ['ros']
[1.796s] Level 1:colcon.colcon_core.package_identification:_identify(.) by extension 'ros'
[1.846s] Level 1:colcon.colcon_core.package_identification:_identify(.) by extensions ['cmake', 'python']
[1.846s] Level 1:colcon.colcon_core.package_identification:_identify(.) by extension 'cmake'
[1.846s] Level 1:colcon.colcon_core.package_identification:_identify(.) by extension 'python'
[1.846s] Level 1:colcon.colcon_core.package_identification:_identify(.) by extensions ['python_setup_py']
[1.846s] Level 1:colcon.colcon_core.package_identification:_identify(.) by extension 'python_setup_py'
[1.846s] Level 1:colcon.colcon_core.package_identification:_identify(build) by extensions ['ignore', 'ignore_ament_install']
[1.846s] Level 1:colcon.colcon_core.package_identification:_identify(build) by extension 'ignore'
[1.847s] Level 1:colcon.colcon_core.package_identification:_identify(build) ignored
[1.847s] Level 1:colcon.colcon_core.package_identification:_identify(install) by extensions ['ignore', 'ignore_ament_install']
[1.847s] Level 1:colcon.colcon_core.package_identification:_identify(install) by extension 'ignore'
[1.847s] Level 1:colcon.colcon_core.package_identification:_identify(install) ignored
[1.847s] Level 1:colcon.colcon_core.package_identification:_identify(log) by extensions ['ignore', 'ignore_ament_install']
[1.847s] Level 1:colcon.colcon_core.package_identification:_identify(log) by extension 'ignore'
[1.847s] Level 1:colcon.colcon_core.package_identification:_identify(log) ignored
[1.848s] Level 1:colcon.colcon_core.package_identification:_identify(src) by extensions ['ignore', 'ignore_ament_install']
[1.848s] Level 1:colcon.colcon_core.package_identification:_identify(src) by extension 'ignore'
[1.848s] Level 1:colcon.colcon_core.package_identification:_identify(src) by extension 'ignore_ament_install'
[1.848s] Level 1:colcon.colcon_core.package_identification:_identify(src) by extensions ['colcon_pkg']
[1.848s] Level 1:colcon.colcon_core.package_identification:_identify(src) by extension 'colcon_pkg'
[1.848s] Level 1:colcon.colcon_core.package_identification:_identify(src) by extensions ['colcon_meta']
[1.848s] Level 1:colcon.colcon_core.package_identification:_identify(src) by extension 'colcon_meta'
[1.848s] Level 1:colcon.colcon_core.package_identification:_identify(src) by extensions ['ros']
[1.848s] Level 1:colcon.colcon_core.package_identification:_identify(src) by extension 'ros'
[1.848s] Level 1:colcon.colcon_core.package_identification:_identify(src) by extensions ['cmake', 'python']
[1.848s] Level 1:colcon.colcon_core.package_identification:_identify(src) by extension 'cmake'
[1.848s] Level 1:colcon.colcon_core.package_identification:_identify(src) by extension 'python'
[1.849s] Level 1:colcon.colcon_core.package_identification:_identify(src) by extensions ['python_setup_py']
[1.849s] Level 1:colcon.colcon_core.package_identification:_identify(src) by extension 'python_setup_py'
[1.849s] Level 1:colcon.colcon_core.package_identification:_identify(src/oakd) by extensions ['ignore', 'ignore_ament_install']
[1.849s] Level 1:colcon.colcon_core.package_identification:_identify(src/oakd) by extension 'ignore'
[1.849s] Level 1:colcon.colcon_core.package_identification:_identify(src/oakd) by extension 'ignore_ament_install'
[1.849s] Level 1:colcon.colcon_core.package_identification:_identify(src/oakd) by extensions ['colcon_pkg']
[1.849s] Level 1:colcon.colcon_core.package_identification:_identify(src/oakd) by extension 'colcon_pkg'
[1.849s] Level 1:colcon.colcon_core.package_identification:_identify(src/oakd) by extensions ['colcon_meta']
[1.849s] Level 1:colcon.colcon_core.package_identification:_identify(src/oakd) by extension 'colcon_meta'
[1.849s] Level 1:colcon.colcon_core.package_identification:_identify(src/oakd) by extensions ['ros']
[1.849s] Level 1:colcon.colcon_core.package_identification:_identify(src/oakd) by extension 'ros'
[1.899s] DEBUG:colcon.colcon_core.package_identification:Package 'src/oakd' with type 'ros.ament_python' and name 'oakd'
[1.900s] Level 1:colcon.colcon_core.package_discovery:discover_packages(recursive) using defaults
[1.900s] Level 1:colcon.colcon_core.package_discovery:discover_packages(ignore) discover
[1.900s] Level 1:colcon.colcon_core.package_discovery:discover_packages(ignore) using defaults
[1.900s] Level 1:colcon.colcon_core.package_discovery:discover_packages(path) discover
[1.900s] Level 1:colcon.colcon_core.package_discovery:discover_packages(path) using defaults
[2.075s] Level 5:colcon.colcon_core.verb:set package 'oakd' build argument 'cmake_args' from command line to 'None'
[2.075s] Level 5:colcon.colcon_core.verb:set package 'oakd' build argument 'cmake_target' from command line to 'None'
[2.075s] Level 5:colcon.colcon_core.verb:set package 'oakd' build argument 'cmake_target_skip_unavailable' from command line to 'False'
[2.075s] Level 5:colcon.colcon_core.verb:set package 'oakd' build argument 'cmake_clean_cache' from command line to 'False'
[2.075s] Level 5:colcon.colcon_core.verb:set package 'oakd' build argument 'cmake_clean_first' from command line to 'False'
[2.075s] Level 5:colcon.colcon_core.verb:set package 'oakd' build argument 'cmake_force_configure' from command line to 'False'
[2.075s] Level 5:colcon.colcon_core.verb:set package 'oakd' build argument 'ament_cmake_args' from command line to 'None'
[2.075s] Level 5:colcon.colcon_core.verb:set package 'oakd' build argument 'catkin_cmake_args' from command line to 'None'
[2.075s] Level 5:colcon.colcon_core.verb:set package 'oakd' build argument 'catkin_skip_building_tests' from command line to 'False'
[2.076s] DEBUG:colcon.colcon_core.verb:Building package 'oakd' with the following arguments: {'ament_cmake_args': None, 'build_base': '/home/mcpslab/Desktop/ROS-Tutorials/Node-Test/build/oakd', 'catkin_cmake_args': None, 'catkin_skip_building_tests': False, 'cmake_args': None, 'cmake_clean_cache': False, 'cmake_clean_first': False, 'cmake_force_configure': False, 'cmake_target': None, 'cmake_target_skip_unavailable': False, 'install_base': '/home/mcpslab/Desktop/ROS-Tutorials/Node-Test/install/oakd', 'merge_install': False, 'path': '/home/mcpslab/Desktop/ROS-Tutorials/Node-Test/src/oakd', 'symlink_install': False, 'test_result_base': None}
[2.093s] INFO:colcon.colcon_core.executor:Executing jobs using 'parallel' executor
[2.098s] DEBUG:colcon.colcon_parallel_executor.executor.parallel:run_until_complete
[2.098s] INFO:colcon.colcon_ros.task.ament_python.build:Building ROS package in '/home/mcpslab/Desktop/ROS-Tutorials/Node-Test/src/oakd' with build type 'ament_python'
[2.098s] Level 1:colcon.colcon_core.shell:create_environment_hook('oakd', 'ament_prefix_path')
[2.163s] INFO:colcon.colcon_core.plugin_system:Skipping extension 'colcon_core.shell.bat': Not used on non-Windows systems
[2.163s] INFO:colcon.colcon_core.shell:Creating environment hook '/home/mcpslab/Desktop/ROS-Tutorials/Node-Test/install/oakd/share/oakd/hook/ament_prefix_path.ps1'
[2.167s] INFO:colcon.colcon_core.shell:Creating environment descriptor '/home/mcpslab/Desktop/ROS-Tutorials/Node-Test/install/oakd/share/oakd/hook/ament_prefix_path.dsv'
[2.169s] INFO:colcon.colcon_core.shell:Creating environment hook '/home/mcpslab/Desktop/ROS-Tutorials/Node-Test/install/oakd/share/oakd/hook/ament_prefix_path.sh'
[2.171s] INFO:colcon.colcon_core.shell:Skip shell extension 'powershell' for command environment: Not usable outside of PowerShell
[2.171s] DEBUG:colcon.colcon_core.shell:Skip shell extension 'dsv' for command environment
[2.634s] INFO:colcon.colcon_core.task.python.build:Building Python package in '/home/mcpslab/Desktop/ROS-Tutorials/Node-Test/src/oakd'
[2.635s] INFO:colcon.colcon_core.shell:Skip shell extension 'powershell' for command environment: Not usable outside of PowerShell
[2.636s] DEBUG:colcon.colcon_core.shell:Skip shell extension 'dsv' for command environment
[4.582s] DEBUG:colcon.colcon_core.event_handler.log_command:Invoking command in '/home/mcpslab/Desktop/ROS-Tutorials/Node-Test/src/oakd': PYTHONPATH=/home/mcpslab/Desktop/ROS-Tutorials/Node-Test/install/oakd/lib/python3.8/site-packages:${PYTHONPATH} /usr/bin/python3 setup.py egg_info --egg-base ../../build/oakd build --build-base /home/mcpslab/Desktop/ROS-Tutorials/Node-Test/build/oakd/build install --prefix /home/mcpslab/Desktop/ROS-Tutorials/Node-Test/install/oakd --record /home/mcpslab/Desktop/ROS-Tutorials/Node-Test/build/oakd/install.log --single-version-externally-managed
[5.325s] DEBUG:colcon.colcon_core.event_handler.log_command:Invoked command in '/home/mcpslab/Desktop/ROS-Tutorials/Node-Test/src/oakd' returned '0': PYTHONPATH=/home/mcpslab/Desktop/ROS-Tutorials/Node-Test/install/oakd/lib/python3.8/site-packages:${PYTHONPATH} /usr/bin/python3 setup.py egg_info --egg-base ../../build/oakd build --build-base /home/mcpslab/Desktop/ROS-Tutorials/Node-Test/build/oakd/build install --prefix /home/mcpslab/Desktop/ROS-Tutorials/Node-Test/install/oakd --record /home/mcpslab/Desktop/ROS-Tutorials/Node-Test/build/oakd/install.log --single-version-externally-managed
[5.411s] Level 1:colcon.colcon_core.environment:checking '/home/mcpslab/Desktop/ROS-Tutorials/Node-Test/install/oakd' for CMake module files
[5.412s] Level 1:colcon.colcon_core.environment:checking '/home/mcpslab/Desktop/ROS-Tutorials/Node-Test/install/oakd' for CMake config files
[5.413s] Level 1:colcon.colcon_core.environment:checking '/home/mcpslab/Desktop/ROS-Tutorials/Node-Test/install/oakd/lib'
[5.413s] Level 1:colcon.colcon_core.environment:checking '/home/mcpslab/Desktop/ROS-Tutorials/Node-Test/install/oakd/bin'
[5.413s] Level 1:colcon.colcon_core.environment:checking '/home/mcpslab/Desktop/ROS-Tutorials/Node-Test/install/oakd/lib/pkgconfig/oakd.pc'
[5.414s] Level 1:colcon.colcon_core.environment:checking '/home/mcpslab/Desktop/ROS-Tutorials/Node-Test/install/oakd/lib/python3.8/site-packages'
[5.414s] Level 1:colcon.colcon_core.shell:create_environment_hook('oakd', 'pythonpath')
[5.414s] INFO:colcon.colcon_core.shell:Creating environment hook '/home/mcpslab/Desktop/ROS-Tutorials/Node-Test/install/oakd/share/oakd/hook/pythonpath.ps1'
[5.415s] INFO:colcon.colcon_core.shell:Creating environment descriptor '/home/mcpslab/Desktop/ROS-Tutorials/Node-Test/install/oakd/share/oakd/hook/pythonpath.dsv'
[5.416s] INFO:colcon.colcon_core.shell:Creating environment hook '/home/mcpslab/Desktop/ROS-Tutorials/Node-Test/install/oakd/share/oakd/hook/pythonpath.sh'
[5.416s] Level 1:colcon.colcon_core.environment:create_environment_scripts_only(oakd)
[5.417s] INFO:colcon.colcon_core.shell:Creating package script '/home/mcpslab/Desktop/ROS-Tutorials/Node-Test/install/oakd/share/oakd/package.ps1'
[5.422s] INFO:colcon.colcon_core.shell:Creating package descriptor '/home/mcpslab/Desktop/ROS-Tutorials/Node-Test/install/oakd/share/oakd/package.dsv'
[5.424s] INFO:colcon.colcon_core.shell:Creating package script '/home/mcpslab/Desktop/ROS-Tutorials/Node-Test/install/oakd/share/oakd/package.sh'
[5.426s] INFO:colcon.colcon_core.shell:Creating package script '/home/mcpslab/Desktop/ROS-Tutorials/Node-Test/install/oakd/share/oakd/package.bash'
[5.427s] INFO:colcon.colcon_core.shell:Creating package script '/home/mcpslab/Desktop/ROS-Tutorials/Node-Test/install/oakd/share/oakd/package.zsh'
[5.429s] Level 1:colcon.colcon_core.environment:create_file_with_runtime_dependencies(/home/mcpslab/Desktop/ROS-Tutorials/Node-Test/install/oakd/share/colcon-core/packages/oakd)
[5.429s] DEBUG:colcon.colcon_parallel_executor.executor.parallel:closing loop
[5.430s] DEBUG:colcon.colcon_parallel_executor.executor.parallel:loop closed
[5.430s] DEBUG:colcon.colcon_parallel_executor.executor.parallel:run_until_complete finished with '0'
[5.430s] DEBUG:colcon.colcon_core.event_reactor:joining thread
[5.460s] INFO:colcon.colcon_core.plugin_system:Skipping extension 'colcon_notification.desktop_notification.terminal_notifier': Not used on non-Darwin systems
[5.460s] INFO:colcon.colcon_core.plugin_system:Skipping extension 'colcon_notification.desktop_notification.win32': Not used on non-Windows systems
[5.460s] INFO:colcon.colcon_notification.desktop_notification:Sending desktop notification using 'notify2'
[5.489s] DEBUG:colcon.colcon_core.event_reactor:joined thread
[5.490s] INFO:colcon.colcon_core.shell:Creating prefix script '/home/mcpslab/Desktop/ROS-Tutorials/Node-Test/install/local_setup.ps1'
[5.492s] INFO:colcon.colcon_core.shell:Creating prefix util module '/home/mcpslab/Desktop/ROS-Tutorials/Node-Test/install/_local_setup_util_ps1.py'
[5.494s] INFO:colcon.colcon_core.shell:Creating prefix chain script '/home/mcpslab/Desktop/ROS-Tutorials/Node-Test/install/setup.ps1'
[5.497s] INFO:colcon.colcon_core.shell:Creating prefix script '/home/mcpslab/Desktop/ROS-Tutorials/Node-Test/install/local_setup.sh'
[5.499s] INFO:colcon.colcon_core.shell:Creating prefix util module '/home/mcpslab/Desktop/ROS-Tutorials/Node-Test/install/_local_setup_util_sh.py'
[5.500s] INFO:colcon.colcon_core.shell:Creating prefix chain script '/home/mcpslab/Desktop/ROS-Tutorials/Node-Test/install/setup.sh'
[5.501s] INFO:colcon.colcon_core.shell:Creating prefix script '/home/mcpslab/Desktop/ROS-Tutorials/Node-Test/install/local_setup.bash'
[5.502s] INFO:colcon.colcon_core.shell:Creating prefix chain script '/home/mcpslab/Desktop/ROS-Tutorials/Node-Test/install/setup.bash'
[5.504s] INFO:colcon.colcon_core.shell:Creating prefix script '/home/mcpslab/Desktop/ROS-Tutorials/Node-Test/install/local_setup.zsh'
[5.505s] INFO:colcon.colcon_core.shell:Creating prefix chain script '/home/mcpslab/Desktop/ROS-Tutorials/Node-Test/install/setup.zsh'
