[1.288s] Invoking command in '/home/mcpslab/Desktop/ROS-Tutorials/Node-Test/src/oakd': PYTHONPATH=/home/mcpslab/Desktop/ROS-Tutorials/Node-Test/install/oakd/lib/python3.8/site-packages:${PYTHONPATH} /usr/bin/python3 setup.py egg_info --egg-base ../../build/oakd build --build-base /home/mcpslab/Desktop/ROS-Tutorials/Node-Test/build/oakd/build install --prefix /home/mcpslab/Desktop/ROS-Tutorials/Node-Test/install/oakd --record /home/mcpslab/Desktop/ROS-Tutorials/Node-Test/build/oakd/install.log --single-version-externally-managed
[1.701s] running egg_info
[1.702s] writing ../../build/oakd/oakd.egg-info/PKG-INFO
[1.703s] writing dependency_links to ../../build/oakd/oakd.egg-info/dependency_links.txt
[1.703s] writing entry points to ../../build/oakd/oakd.egg-info/entry_points.txt
[1.703s] writing requirements to ../../build/oakd/oakd.egg-info/requires.txt
[1.704s] writing top-level names to ../../build/oakd/oakd.egg-info/top_level.txt
[1.754s] reading manifest file '../../build/oakd/oakd.egg-info/SOURCES.txt'
[1.773s] writing manifest file '../../build/oakd/oakd.egg-info/SOURCES.txt'
[1.773s] running build
[1.774s] running build_py
[1.774s] running install
[1.775s] running install_lib
[1.778s] running install_data
[1.779s] copying launch/RGBandIMU.launch.py -> /home/mcpslab/Desktop/ROS-Tutorials/Node-Test/install/oakd/share/oakd
[1.779s] running install_egg_info
[1.783s] removing '/home/mcpslab/Desktop/ROS-Tutorials/Node-Test/install/oakd/lib/python3.8/site-packages/oakd-0.0.0-py3.8.egg-info' (and everything under it)
[1.783s] Copying ../../build/oakd/oakd.egg-info to /home/mcpslab/Desktop/ROS-Tutorials/Node-Test/install/oakd/lib/python3.8/site-packages/oakd-0.0.0-py3.8.egg-info
[1.785s] running install_scripts
[1.809s] Installing oakd_imu script to /home/mcpslab/Desktop/ROS-Tutorials/Node-Test/install/oakd/lib/oakd
[1.809s] Installing oakd_imu_rotation script to /home/mcpslab/Desktop/ROS-Tutorials/Node-Test/install/oakd/lib/oakd
[1.810s] Installing oakd_imu_stereo script to /home/mcpslab/Desktop/ROS-Tutorials/Node-Test/install/oakd/lib/oakd
[1.810s] Installing oakd_rgb script to /home/mcpslab/Desktop/ROS-Tutorials/Node-Test/install/oakd/lib/oakd
[1.810s] Installing oakd_rgb_imu script to /home/mcpslab/Desktop/ROS-Tutorials/Node-Test/install/oakd/lib/oakd
[1.810s] Installing oakd_starter script to /home/mcpslab/Desktop/ROS-Tutorials/Node-Test/install/oakd/lib/oakd
[1.811s] writing list of installed files to '/home/mcpslab/Desktop/ROS-Tutorials/Node-Test/build/oakd/install.log'
[1.843s] Invoked command in '/home/mcpslab/Desktop/ROS-Tutorials/Node-Test/src/oakd' returned '0': PYTHONPATH=/home/mcpslab/Desktop/ROS-Tutorials/Node-Test/install/oakd/lib/python3.8/site-packages:${PYTHONPATH} /usr/bin/python3 setup.py egg_info --egg-base ../../build/oakd build --build-base /home/mcpslab/Desktop/ROS-Tutorials/Node-Test/build/oakd/build install --prefix /home/mcpslab/Desktop/ROS-Tutorials/Node-Test/install/oakd --record /home/mcpslab/Desktop/ROS-Tutorials/Node-Test/build/oakd/install.log --single-version-externally-managed
