[1.149s] Invoking command in '/home/mcpslab/Desktop/ROS-Tutorials/Node-Test/src/oakd': PYTHONPATH=/home/mcpslab/Desktop/ROS-Tutorials/Node-Test/install/oakd/lib/python3.8/site-packages:${PYTHONPATH} /usr/bin/python3 setup.py egg_info --egg-base ../../build/oakd build --build-base /home/mcpslab/Desktop/ROS-Tutorials/Node-Test/build/oakd/build install --prefix /home/mcpslab/Desktop/ROS-Tutorials/Node-Test/install/oakd --record /home/mcpslab/Desktop/ROS-Tutorials/Node-Test/build/oakd/install.log --single-version-externally-managed
[1.554s] running egg_info
[1.555s] writing ../../build/oakd/oakd.egg-info/PKG-INFO
[1.555s] writing dependency_links to ../../build/oakd/oakd.egg-info/dependency_links.txt
[1.555s] writing entry points to ../../build/oakd/oakd.egg-info/entry_points.txt
[1.556s] writing requirements to ../../build/oakd/oakd.egg-info/requires.txt
[1.556s] writing top-level names to ../../build/oakd/oakd.egg-info/top_level.txt
[1.608s] reading manifest file '../../build/oakd/oakd.egg-info/SOURCES.txt'
[1.627s] writing manifest file '../../build/oakd/oakd.egg-info/SOURCES.txt'
[1.627s] running build
[1.627s] running build_py
[1.628s] copying oakd/oakd_main_function.py -> /home/mcpslab/Desktop/ROS-Tutorials/Node-Test/build/oakd/build/lib/oakd
[1.644s] running install
[1.647s] running install_lib
[1.654s] copying /home/mcpslab/Desktop/ROS-Tutorials/Node-Test/build/oakd/build/lib/oakd/oakd_main_function.py -> /home/mcpslab/Desktop/ROS-Tutorials/Node-Test/install/oakd/lib/python3.8/site-packages/oakd
[1.658s] byte-compiling /home/mcpslab/Desktop/ROS-Tutorials/Node-Test/install/oakd/lib/python3.8/site-packages/oakd/oakd_main_function.py to oakd_main_function.cpython-38.pyc
[1.666s] running install_data
[1.668s] running install_egg_info
[1.671s] removing '/home/mcpslab/Desktop/ROS-Tutorials/Node-Test/install/oakd/lib/python3.8/site-packages/oakd-0.0.0-py3.8.egg-info' (and everything under it)
[1.672s] Copying ../../build/oakd/oakd.egg-info to /home/mcpslab/Desktop/ROS-Tutorials/Node-Test/install/oakd/lib/python3.8/site-packages/oakd-0.0.0-py3.8.egg-info
[1.674s] running install_scripts
[1.699s] Installing oakd_imu script to /home/mcpslab/Desktop/ROS-Tutorials/Node-Test/install/oakd/lib/oakd
[1.700s] Installing oakd_imu_rotation script to /home/mcpslab/Desktop/ROS-Tutorials/Node-Test/install/oakd/lib/oakd
[1.701s] Installing oakd_imu_rotation_vector script to /home/mcpslab/Desktop/ROS-Tutorials/Node-Test/install/oakd/lib/oakd
[1.702s] Installing oakd_imu_stereo script to /home/mcpslab/Desktop/ROS-Tutorials/Node-Test/install/oakd/lib/oakd
[1.702s] Installing oakd_main script to /home/mcpslab/Desktop/ROS-Tutorials/Node-Test/install/oakd/lib/oakd
[1.702s] Installing oakd_rgb script to /home/mcpslab/Desktop/ROS-Tutorials/Node-Test/install/oakd/lib/oakd
[1.703s] Installing oakd_rgb_imu script to /home/mcpslab/Desktop/ROS-Tutorials/Node-Test/install/oakd/lib/oakd
[1.703s] Installing oakd_starter script to /home/mcpslab/Desktop/ROS-Tutorials/Node-Test/install/oakd/lib/oakd
[1.703s] writing list of installed files to '/home/mcpslab/Desktop/ROS-Tutorials/Node-Test/build/oakd/install.log'
[1.736s] Invoked command in '/home/mcpslab/Desktop/ROS-Tutorials/Node-Test/src/oakd' returned '0': PYTHONPATH=/home/mcpslab/Desktop/ROS-Tutorials/Node-Test/install/oakd/lib/python3.8/site-packages:${PYTHONPATH} /usr/bin/python3 setup.py egg_info --egg-base ../../build/oakd build --build-base /home/mcpslab/Desktop/ROS-Tutorials/Node-Test/build/oakd/build install --prefix /home/mcpslab/Desktop/ROS-Tutorials/Node-Test/install/oakd --record /home/mcpslab/Desktop/ROS-Tutorials/Node-Test/build/oakd/install.log --single-version-externally-managed
