[3.379s] Invoking command in '/home/mcpslab/Desktop/ROS-Tutorials/Node-Test/src/oakd': PYTHONPATH=/home/mcpslab/Desktop/ROS-Tutorials/Node-Test/install/oakd/lib/python3.8/site-packages:${PYTHONPATH} /usr/bin/python3 setup.py egg_info --egg-base ../../build/oakd build --build-base /home/mcpslab/Desktop/ROS-Tutorials/Node-Test/build/oakd/build install --prefix /home/mcpslab/Desktop/ROS-Tutorials/Node-Test/install/oakd --record /home/mcpslab/Desktop/ROS-Tutorials/Node-Test/build/oakd/install.log --single-version-externally-managed
[4.483s] running egg_info
[4.485s] creating ../../build/oakd/oakd.egg-info
[4.487s] writing ../../build/oakd/oakd.egg-info/PKG-INFO
[4.488s] writing dependency_links to ../../build/oakd/oakd.egg-info/dependency_links.txt
[4.488s] writing entry points to ../../build/oakd/oakd.egg-info/entry_points.txt
[4.489s] writing requirements to ../../build/oakd/oakd.egg-info/requires.txt
[4.489s] writing top-level names to ../../build/oakd/oakd.egg-info/top_level.txt
[4.616s] writing manifest file '../../build/oakd/oakd.egg-info/SOURCES.txt'
[4.811s] reading manifest file '../../build/oakd/oakd.egg-info/SOURCES.txt'
[4.814s] writing manifest file '../../build/oakd/oakd.egg-info/SOURCES.txt'
[4.814s] running build
[4.814s] running build_py
[4.815s] creating /home/mcpslab/Desktop/ROS-Tutorials/Node-Test/build/oakd/build
[4.815s] creating /home/mcpslab/Desktop/ROS-Tutorials/Node-Test/build/oakd/build/lib
[4.815s] creating /home/mcpslab/Desktop/ROS-Tutorials/Node-Test/build/oakd/build/lib/oakd
[4.815s] copying oakd/oakd_member_function.py -> /home/mcpslab/Desktop/ROS-Tutorials/Node-Test/build/oakd/build/lib/oakd
[4.816s] copying oakd/__init__.py -> /home/mcpslab/Desktop/ROS-Tutorials/Node-Test/build/oakd/build/lib/oakd
[4.816s] running install
[4.819s] running install_lib
[4.822s] creating /home/mcpslab/Desktop/ROS-Tutorials/Node-Test/install/oakd/lib/python3.8/site-packages/oakd
[4.823s] copying /home/mcpslab/Desktop/ROS-Tutorials/Node-Test/build/oakd/build/lib/oakd/oakd_member_function.py -> /home/mcpslab/Desktop/ROS-Tutorials/Node-Test/install/oakd/lib/python3.8/site-packages/oakd
[4.823s] copying /home/mcpslab/Desktop/ROS-Tutorials/Node-Test/build/oakd/build/lib/oakd/__init__.py -> /home/mcpslab/Desktop/ROS-Tutorials/Node-Test/install/oakd/lib/python3.8/site-packages/oakd
[4.827s] byte-compiling /home/mcpslab/Desktop/ROS-Tutorials/Node-Test/install/oakd/lib/python3.8/site-packages/oakd/oakd_member_function.py to oakd_member_function.cpython-38.pyc
[4.834s] byte-compiling /home/mcpslab/Desktop/ROS-Tutorials/Node-Test/install/oakd/lib/python3.8/site-packages/oakd/__init__.py to __init__.cpython-38.pyc
[4.835s] running install_data
[4.836s] creating /home/mcpslab/Desktop/ROS-Tutorials/Node-Test/install/oakd/share/ament_index
[4.837s] creating /home/mcpslab/Desktop/ROS-Tutorials/Node-Test/install/oakd/share/ament_index/resource_index
[4.837s] creating /home/mcpslab/Desktop/ROS-Tutorials/Node-Test/install/oakd/share/ament_index/resource_index/packages
[4.837s] copying resource/oakd -> /home/mcpslab/Desktop/ROS-Tutorials/Node-Test/install/oakd/share/ament_index/resource_index/packages
[4.837s] copying package.xml -> /home/mcpslab/Desktop/ROS-Tutorials/Node-Test/install/oakd/share/oakd
[4.838s] running install_egg_info
[4.845s] Copying ../../build/oakd/oakd.egg-info to /home/mcpslab/Desktop/ROS-Tutorials/Node-Test/install/oakd/lib/python3.8/site-packages/oakd-0.0.0-py3.8.egg-info
[4.848s] running install_scripts
[4.919s] Installing oakd_starter script to /home/mcpslab/Desktop/ROS-Tutorials/Node-Test/install/oakd/lib/oakd
[4.920s] writing list of installed files to '/home/mcpslab/Desktop/ROS-Tutorials/Node-Test/build/oakd/install.log'
[5.020s] Invoked command in '/home/mcpslab/Desktop/ROS-Tutorials/Node-Test/src/oakd' returned '0': PYTHONPATH=/home/mcpslab/Desktop/ROS-Tutorials/Node-Test/install/oakd/lib/python3.8/site-packages:${PYTHONPATH} /usr/bin/python3 setup.py egg_info --egg-base ../../build/oakd build --build-base /home/mcpslab/Desktop/ROS-Tutorials/Node-Test/build/oakd/build install --prefix /home/mcpslab/Desktop/ROS-Tutorials/Node-Test/install/oakd --record /home/mcpslab/Desktop/ROS-Tutorials/Node-Test/build/oakd/install.log --single-version-externally-managed
