/home/mcpslab/Desktop/Underwater-github/Underwater/Optical_Aspect/install/LED_pkg/lib/python3.8/site-packages/LED_pkg/led_node.py
/home/mcpslab/Desktop/Underwater-github/Underwater/Optical_Aspect/install/LED_pkg/lib/python3.8/site-packages/LED_pkg/__init__.py
/home/mcpslab/Desktop/Underwater-github/Underwater/Optical_Aspect/install/LED_pkg/lib/python3.8/site-packages/LED_pkg/led_random_packet_function.py
/home/mcpslab/Desktop/Underwater-github/Underwater/Optical_Aspect/install/LED_pkg/lib/python3.8/site-packages/LED_pkg/led_blink_function.py
/home/mcpslab/Desktop/Underwater-github/Underwater/Optical_Aspect/install/LED_pkg/lib/python3.8/site-packages/LED_pkg/__pycache__/led_node.cpython-38.pyc
/home/mcpslab/Desktop/Underwater-github/Underwater/Optical_Aspect/install/LED_pkg/lib/python3.8/site-packages/LED_pkg/__pycache__/__init__.cpython-38.pyc
/home/mcpslab/Desktop/Underwater-github/Underwater/Optical_Aspect/install/LED_pkg/lib/python3.8/site-packages/LED_pkg/__pycache__/led_random_packet_function.cpython-38.pyc
/home/mcpslab/Desktop/Underwater-github/Underwater/Optical_Aspect/install/LED_pkg/lib/python3.8/site-packages/LED_pkg/__pycache__/led_blink_function.cpython-38.pyc
/home/mcpslab/Desktop/Underwater-github/Underwater/Optical_Aspect/install/LED_pkg/share/ament_index/resource_index/packages/LED_pkg
/home/mcpslab/Desktop/Underwater-github/Underwater/Optical_Aspect/install/LED_pkg/share/LED_pkg/package.xml
/home/mcpslab/Desktop/Underwater-github/Underwater/Optical_Aspect/install/LED_pkg/lib/python3.8/site-packages/LED_pkg-0.0.0-py3.8.egg-info/top_level.txt
/home/mcpslab/Desktop/Underwater-github/Underwater/Optical_Aspect/install/LED_pkg/lib/python3.8/site-packages/LED_pkg-0.0.0-py3.8.egg-info/zip-safe
/home/mcpslab/Desktop/Underwater-github/Underwater/Optical_Aspect/install/LED_pkg/lib/python3.8/site-packages/LED_pkg-0.0.0-py3.8.egg-info/dependency_links.txt
/home/mcpslab/Desktop/Underwater-github/Underwater/Optical_Aspect/install/LED_pkg/lib/python3.8/site-packages/LED_pkg-0.0.0-py3.8.egg-info/SOURCES.txt
/home/mcpslab/Desktop/Underwater-github/Underwater/Optical_Aspect/install/LED_pkg/lib/python3.8/site-packages/LED_pkg-0.0.0-py3.8.egg-info/requires.txt
/home/mcpslab/Desktop/Underwater-github/Underwater/Optical_Aspect/install/LED_pkg/lib/python3.8/site-packages/LED_pkg-0.0.0-py3.8.egg-info/entry_points.txt
/home/mcpslab/Desktop/Underwater-github/Underwater/Optical_Aspect/install/LED_pkg/lib/python3.8/site-packages/LED_pkg-0.0.0-py3.8.egg-info/PKG-INFO
/home/mcpslab/Desktop/Underwater-github/Underwater/Optical_Aspect/install/LED_pkg/lib/LED_pkg/led_blink
/home/mcpslab/Desktop/Underwater-github/Underwater/Optical_Aspect/install/LED_pkg/lib/LED_pkg/led_node
/home/mcpslab/Desktop/Underwater-github/Underwater/Optical_Aspect/install/LED_pkg/lib/LED_pkg/led_packet
