[1.127s] Invoking command in '/home/mcpslab/Desktop/Underwater-github/Underwater/Optical_Aspect/src/Camera_pkg': PYTHONPATH=/home/mcpslab/Desktop/Underwater-github/Underwater/Optical_Aspect/install/Camera_pkg/lib/python3.8/site-packages:${PYTHONPATH} /usr/bin/python3 setup.py egg_info --egg-base ../../build/Camera_pkg build --build-base /home/mcpslab/Desktop/Underwater-github/Underwater/Optical_Aspect/build/Camera_pkg/build install --prefix /home/mcpslab/Desktop/Underwater-github/Underwater/Optical_Aspect/install/Camera_pkg --record /home/mcpslab/Desktop/Underwater-github/Underwater/Optical_Aspect/build/Camera_pkg/install.log --single-version-externally-managed
[1.520s] running egg_info
[1.520s] creating ../../build/Camera_pkg/Camera_pkg.egg-info
[1.521s] writing ../../build/Camera_pkg/Camera_pkg.egg-info/PKG-INFO
[1.522s] writing dependency_links to ../../build/Camera_pkg/Camera_pkg.egg-info/dependency_links.txt
[1.522s] writing entry points to ../../build/Camera_pkg/Camera_pkg.egg-info/entry_points.txt
[1.522s] writing requirements to ../../build/Camera_pkg/Camera_pkg.egg-info/requires.txt
[1.522s] writing top-level names to ../../build/Camera_pkg/Camera_pkg.egg-info/top_level.txt
[1.525s] writing manifest file '../../build/Camera_pkg/Camera_pkg.egg-info/SOURCES.txt'
[1.575s] reading manifest file '../../build/Camera_pkg/Camera_pkg.egg-info/SOURCES.txt'
[1.576s] writing manifest file '../../build/Camera_pkg/Camera_pkg.egg-info/SOURCES.txt'
[1.576s] running build
[1.576s] running build_py
[1.577s] creating /home/mcpslab/Desktop/Underwater-github/Underwater/Optical_Aspect/build/Camera_pkg/build
[1.577s] creating /home/mcpslab/Desktop/Underwater-github/Underwater/Optical_Aspect/build/Camera_pkg/build/lib
[1.577s] creating /home/mcpslab/Desktop/Underwater-github/Underwater/Optical_Aspect/build/Camera_pkg/build/lib/Camera_pkg
[1.577s] copying Camera_pkg/__init__.py -> /home/mcpslab/Desktop/Underwater-github/Underwater/Optical_Aspect/build/Camera_pkg/build/lib/Camera_pkg
[1.578s] copying Camera_pkg/camera_node.py -> /home/mcpslab/Desktop/Underwater-github/Underwater/Optical_Aspect/build/Camera_pkg/build/lib/Camera_pkg
[1.578s] running install
[1.579s] running install_lib
[1.581s] creating /home/mcpslab/Desktop/Underwater-github/Underwater/Optical_Aspect/install/Camera_pkg/lib/python3.8/site-packages/Camera_pkg
[1.581s] copying /home/mcpslab/Desktop/Underwater-github/Underwater/Optical_Aspect/build/Camera_pkg/build/lib/Camera_pkg/__init__.py -> /home/mcpslab/Desktop/Underwater-github/Underwater/Optical_Aspect/install/Camera_pkg/lib/python3.8/site-packages/Camera_pkg
[1.582s] copying /home/mcpslab/Desktop/Underwater-github/Underwater/Optical_Aspect/build/Camera_pkg/build/lib/Camera_pkg/camera_node.py -> /home/mcpslab/Desktop/Underwater-github/Underwater/Optical_Aspect/install/Camera_pkg/lib/python3.8/site-packages/Camera_pkg
[1.582s] byte-compiling /home/mcpslab/Desktop/Underwater-github/Underwater/Optical_Aspect/install/Camera_pkg/lib/python3.8/site-packages/Camera_pkg/__init__.py to __init__.cpython-38.pyc
[1.586s] byte-compiling /home/mcpslab/Desktop/Underwater-github/Underwater/Optical_Aspect/install/Camera_pkg/lib/python3.8/site-packages/Camera_pkg/camera_node.py to camera_node.cpython-38.pyc
[1.587s] running install_data
[1.588s] creating /home/mcpslab/Desktop/Underwater-github/Underwater/Optical_Aspect/install/Camera_pkg/share/ament_index
[1.614s] creating /home/mcpslab/Desktop/Underwater-github/Underwater/Optical_Aspect/install/Camera_pkg/share/ament_index/resource_index
[1.614s] creating /home/mcpslab/Desktop/Underwater-github/Underwater/Optical_Aspect/install/Camera_pkg/share/ament_index/resource_index/packages
[1.614s] copying resource/Camera_pkg -> /home/mcpslab/Desktop/Underwater-github/Underwater/Optical_Aspect/install/Camera_pkg/share/ament_index/resource_index/packages
[1.615s] copying package.xml -> /home/mcpslab/Desktop/Underwater-github/Underwater/Optical_Aspect/install/Camera_pkg/share/Camera_pkg
[1.615s] running install_egg_info
[1.618s] Copying ../../build/Camera_pkg/Camera_pkg.egg-info to /home/mcpslab/Desktop/Underwater-github/Underwater/Optical_Aspect/install/Camera_pkg/lib/python3.8/site-packages/Camera_pkg-0.0.0-py3.8.egg-info
[1.619s] running install_scripts
[1.644s] Installing camera_node script to /home/mcpslab/Desktop/Underwater-github/Underwater/Optical_Aspect/install/Camera_pkg/lib/Camera_pkg
[1.645s] writing list of installed files to '/home/mcpslab/Desktop/Underwater-github/Underwater/Optical_Aspect/build/Camera_pkg/install.log'
[1.677s] Invoked command in '/home/mcpslab/Desktop/Underwater-github/Underwater/Optical_Aspect/src/Camera_pkg' returned '0': PYTHONPATH=/home/mcpslab/Desktop/Underwater-github/Underwater/Optical_Aspect/install/Camera_pkg/lib/python3.8/site-packages:${PYTHONPATH} /usr/bin/python3 setup.py egg_info --egg-base ../../build/Camera_pkg build --build-base /home/mcpslab/Desktop/Underwater-github/Underwater/Optical_Aspect/build/Camera_pkg/build install --prefix /home/mcpslab/Desktop/Underwater-github/Underwater/Optical_Aspect/install/Camera_pkg --record /home/mcpslab/Desktop/Underwater-github/Underwater/Optical_Aspect/build/Camera_pkg/install.log --single-version-externally-managed
