/home/mcpslab/Desktop/ROS-Tutorials/Node-Test/install/oakd/lib/python3.8/site-packages/oakd/oakd_rgb_function.py
/home/mcpslab/Desktop/ROS-Tutorials/Node-Test/install/oakd/lib/python3.8/site-packages/oakd/oakd_imu_rotation_vector.py
/home/mcpslab/Desktop/ROS-Tutorials/Node-Test/install/oakd/lib/python3.8/site-packages/oakd/oakd_stereo_function.py
/home/mcpslab/Desktop/ROS-Tutorials/Node-Test/install/oakd/lib/python3.8/site-packages/oakd/__init__.py
/home/mcpslab/Desktop/ROS-Tutorials/Node-Test/install/oakd/lib/python3.8/site-packages/oakd/oakd_imu_rotation_function.py
/home/mcpslab/Desktop/ROS-Tutorials/Node-Test/install/oakd/lib/python3.8/site-packages/oakd/oakd_main_function.py
/home/mcpslab/Desktop/ROS-Tutorials/Node-Test/install/oakd/lib/python3.8/site-packages/oakd/__pycache__/oakd_rgb_function.cpython-38.pyc
/home/mcpslab/Desktop/ROS-Tutorials/Node-Test/install/oakd/lib/python3.8/site-packages/oakd/__pycache__/oakd_imu_rotation_vector.cpython-38.pyc
/home/mcpslab/Desktop/ROS-Tutorials/Node-Test/install/oakd/lib/python3.8/site-packages/oakd/__pycache__/oakd_stereo_function.cpython-38.pyc
/home/mcpslab/Desktop/ROS-Tutorials/Node-Test/install/oakd/lib/python3.8/site-packages/oakd/__pycache__/__init__.cpython-38.pyc
/home/mcpslab/Desktop/ROS-Tutorials/Node-Test/install/oakd/lib/python3.8/site-packages/oakd/__pycache__/oakd_imu_rotation_function.cpython-38.pyc
/home/mcpslab/Desktop/ROS-Tutorials/Node-Test/install/oakd/lib/python3.8/site-packages/oakd/__pycache__/oakd_main_function.cpython-38.pyc
/home/mcpslab/Desktop/ROS-Tutorials/Node-Test/install/oakd/share/ament_index/resource_index/packages/oakd
/home/mcpslab/Desktop/ROS-Tutorials/Node-Test/install/oakd/share/oakd/package.xml
/home/mcpslab/Desktop/ROS-Tutorials/Node-Test/install/oakd/share/oakd/RGBandIMU.launch.py
/home/mcpslab/Desktop/ROS-Tutorials/Node-Test/install/oakd/lib/python3.8/site-packages/oakd-0.0.0-py3.8.egg-info/top_level.txt
/home/mcpslab/Desktop/ROS-Tutorials/Node-Test/install/oakd/lib/python3.8/site-packages/oakd-0.0.0-py3.8.egg-info/zip-safe
/home/mcpslab/Desktop/ROS-Tutorials/Node-Test/install/oakd/lib/python3.8/site-packages/oakd-0.0.0-py3.8.egg-info/dependency_links.txt
/home/mcpslab/Desktop/ROS-Tutorials/Node-Test/install/oakd/lib/python3.8/site-packages/oakd-0.0.0-py3.8.egg-info/SOURCES.txt
/home/mcpslab/Desktop/ROS-Tutorials/Node-Test/install/oakd/lib/python3.8/site-packages/oakd-0.0.0-py3.8.egg-info/requires.txt
/home/mcpslab/Desktop/ROS-Tutorials/Node-Test/install/oakd/lib/python3.8/site-packages/oakd-0.0.0-py3.8.egg-info/entry_points.txt
/home/mcpslab/Desktop/ROS-Tutorials/Node-Test/install/oakd/lib/python3.8/site-packages/oakd-0.0.0-py3.8.egg-info/PKG-INFO
/home/mcpslab/Desktop/ROS-Tutorials/Node-Test/install/oakd/lib/oakd/oakd_imu_rotation
/home/mcpslab/Desktop/ROS-Tutorials/Node-Test/install/oakd/lib/oakd/oakd_imu_rotation_vector
/home/mcpslab/Desktop/ROS-Tutorials/Node-Test/install/oakd/lib/oakd/oakd_main
/home/mcpslab/Desktop/ROS-Tutorials/Node-Test/install/oakd/lib/oakd/oakd_rgb
/home/mcpslab/Desktop/ROS-Tutorials/Node-Test/install/oakd/lib/oakd/oakd_stereo
