[0.673s] DEBUG:colcon:Command line arguments: ['/usr/bin/colcon', 'build', '--packages-select', 'oakd']
[0.674s] DEBUG:colcon:Parsed command line arguments: Namespace(allow_overriding=[], ament_cmake_args=None, base_paths=['.'], build_base='build', catkin_cmake_args=None, catkin_skip_building_tests=False, cmake_args=None, cmake_clean_cache=False, cmake_clean_first=False, cmake_force_configure=False, cmake_target=None, cmake_target_skip_unavailable=False, continue_on_error=False, event_handlers=None, executor='parallel', ignore_user_meta=False, install_base='install', log_base=None, log_level=None, main=<bound method BuildVerb.main of <colcon_core.verb.build.BuildVerb object at 0x7f7428fec700>>, merge_install=False, metas=['./colcon.meta'], packages_above=None, packages_above_and_dependencies=None, packages_above_depth=None, packages_end=None, packages_ignore=None, packages_ignore_regex=None, packages_select=['oakd'], packages_select_build_failed=False, packages_select_by_dep=None, packages_select_regex=None, packages_select_test_failures=False, packages_skip=None, packages_skip_build_finished=False, packages_skip_by_dep=None, packages_skip_regex=None, packages_skip_test_passed=False, packages_skip_up_to=None, packages_start=None, packages_up_to=None, packages_up_to_regex=None, parallel_workers=4, paths=None, symlink_install=False, test_result_base=None, verb_extension=<colcon_core.verb.build.BuildVerb object at 0x7f7428fec700>, verb_name='build', verb_parser=<colcon_defaults.argument_parser.defaults.DefaultArgumentsDecorator object at 0x7f7428fecc70>)
[0.750s] Level 1:colcon.colcon_core.package_discovery:discover_packages(colcon_meta) check parameters
[0.750s] Level 1:colcon.colcon_core.package_discovery:discover_packages(recursive) check parameters
[0.751s] Level 1:colcon.colcon_core.package_discovery:discover_packages(ignore) check parameters
[0.751s] Level 1:colcon.colcon_core.package_discovery:discover_packages(path) check parameters
[0.751s] Level 1:colcon.colcon_core.package_discovery:discover_packages(colcon_meta) discover
[0.751s] Level 1:colcon.colcon_core.package_discovery:discover_packages(recursive) discover
[0.751s] INFO:colcon.colcon_core.package_discovery:Crawling recursively for packages in '/home/mcpslab/Desktop/ROS-Tutorials/Node-Test'
[0.751s] Level 1:colcon.colcon_core.package_identification:_identify(.) by extensions ['ignore', 'ignore_ament_install']
[0.752s] Level 1:colcon.colcon_core.package_identification:_identify(.) by extension 'ignore'
[0.752s] Level 1:colcon.colcon_core.package_identification:_identify(.) by extension 'ignore_ament_install'
[0.752s] Level 1:colcon.colcon_core.package_identification:_identify(.) by extensions ['colcon_pkg']
[0.752s] Level 1:colcon.colcon_core.package_identification:_identify(.) by extension 'colcon_pkg'
[0.752s] Level 1:colcon.colcon_core.package_identification:_identify(.) by extensions ['colcon_meta']
[0.752s] Level 1:colcon.colcon_core.package_identification:_identify(.) by extension 'colcon_meta'
[0.752s] Level 1:colcon.colcon_core.package_identification:_identify(.) by extensions ['ros']
[0.752s] Level 1:colcon.colcon_core.package_identification:_identify(.) by extension 'ros'
[0.781s] Level 1:colcon.colcon_core.package_identification:_identify(.) by extensions ['cmake', 'python']
[0.781s] Level 1:colcon.colcon_core.package_identification:_identify(.) by extension 'cmake'
[0.781s] Level 1:colcon.colcon_core.package_identification:_identify(.) by extension 'python'
[0.782s] Level 1:colcon.colcon_core.package_identification:_identify(.) by extensions ['python_setup_py']
[0.782s] Level 1:colcon.colcon_core.package_identification:_identify(.) by extension 'python_setup_py'
[0.782s] Level 1:colcon.colcon_core.package_identification:_identify(build) by extensions ['ignore', 'ignore_ament_install']
[0.782s] Level 1:colcon.colcon_core.package_identification:_identify(build) by extension 'ignore'
[0.782s] Level 1:colcon.colcon_core.package_identification:_identify(build) ignored
[0.782s] Level 1:colcon.colcon_core.package_identification:_identify(install) by extensions ['ignore', 'ignore_ament_install']
[0.783s] Level 1:colcon.colcon_core.package_identification:_identify(install) by extension 'ignore'
[0.783s] Level 1:colcon.colcon_core.package_identification:_identify(install) ignored
[0.783s] Level 1:colcon.colcon_core.package_identification:_identify(log) by extensions ['ignore', 'ignore_ament_install']
[0.783s] Level 1:colcon.colcon_core.package_identification:_identify(log) by extension 'ignore'
[0.783s] Level 1:colcon.colcon_core.package_identification:_identify(log) ignored
[0.783s] Level 1:colcon.colcon_core.package_identification:_identify(src) by extensions ['ignore', 'ignore_ament_install']
[0.784s] Level 1:colcon.colcon_core.package_identification:_identify(src) by extension 'ignore'
[0.784s] Level 1:colcon.colcon_core.package_identification:_identify(src) by extension 'ignore_ament_install'
[0.784s] Level 1:colcon.colcon_core.package_identification:_identify(src) by extensions ['colcon_pkg']
[0.784s] Level 1:colcon.colcon_core.package_identification:_identify(src) by extension 'colcon_pkg'
[0.784s] Level 1:colcon.colcon_core.package_identification:_identify(src) by extensions ['colcon_meta']
[0.784s] Level 1:colcon.colcon_core.package_identification:_identify(src) by extension 'colcon_meta'
[0.784s] Level 1:colcon.colcon_core.package_identification:_identify(src) by extensions ['ros']
[0.784s] Level 1:colcon.colcon_core.package_identification:_identify(src) by extension 'ros'
[0.784s] Level 1:colcon.colcon_core.package_identification:_identify(src) by extensions ['cmake', 'python']
[0.785s] Level 1:colcon.colcon_core.package_identification:_identify(src) by extension 'cmake'
[0.785s] Level 1:colcon.colcon_core.package_identification:_identify(src) by extension 'python'
[0.785s] Level 1:colcon.colcon_core.package_identification:_identify(src) by extensions ['python_setup_py']
[0.785s] Level 1:colcon.colcon_core.package_identification:_identify(src) by extension 'python_setup_py'
[0.785s] Level 1:colcon.colcon_core.package_identification:_identify(src/oakd) by extensions ['ignore', 'ignore_ament_install']
[0.785s] Level 1:colcon.colcon_core.package_identification:_identify(src/oakd) by extension 'ignore'
[0.785s] Level 1:colcon.colcon_core.package_identification:_identify(src/oakd) by extension 'ignore_ament_install'
[0.786s] Level 1:colcon.colcon_core.package_identification:_identify(src/oakd) by extensions ['colcon_pkg']
[0.786s] Level 1:colcon.colcon_core.package_identification:_identify(src/oakd) by extension 'colcon_pkg'
[0.786s] Level 1:colcon.colcon_core.package_identification:_identify(src/oakd) by extensions ['colcon_meta']
[0.786s] Level 1:colcon.colcon_core.package_identification:_identify(src/oakd) by extension 'colcon_meta'
[0.786s] Level 1:colcon.colcon_core.package_identification:_identify(src/oakd) by extensions ['ros']
[0.786s] Level 1:colcon.colcon_core.package_identification:_identify(src/oakd) by extension 'ros'
[0.792s] DEBUG:colcon.colcon_core.package_identification:Package 'src/oakd' with type 'ros.ament_python' and name 'oakd'
[0.793s] Level 1:colcon.colcon_core.package_discovery:discover_packages(recursive) using defaults
[0.793s] Level 1:colcon.colcon_core.package_discovery:discover_packages(ignore) discover
[0.793s] Level 1:colcon.colcon_core.package_discovery:discover_packages(ignore) using defaults
[0.793s] Level 1:colcon.colcon_core.package_discovery:discover_packages(path) discover
[0.793s] Level 1:colcon.colcon_core.package_discovery:discover_packages(path) using defaults
[0.916s] Level 5:colcon.colcon_core.verb:set package 'oakd' build argument 'cmake_args' from command line to 'None'
[0.916s] Level 5:colcon.colcon_core.verb:set package 'oakd' build argument 'cmake_target' from command line to 'None'
[0.917s] Level 5:colcon.colcon_core.verb:set package 'oakd' build argument 'cmake_target_skip_unavailable' from command line to 'False'
[0.917s] Level 5:colcon.colcon_core.verb:set package 'oakd' build argument 'cmake_clean_cache' from command line to 'False'
[0.917s] Level 5:colcon.colcon_core.verb:set package 'oakd' build argument 'cmake_clean_first' from command line to 'False'
[0.917s] Level 5:colcon.colcon_core.verb:set package 'oakd' build argument 'cmake_force_configure' from command line to 'False'
[0.917s] Level 5:colcon.colcon_core.verb:set package 'oakd' build argument 'ament_cmake_args' from command line to 'None'
[0.917s] Level 5:colcon.colcon_core.verb:set package 'oakd' build argument 'catkin_cmake_args' from command line to 'None'
[0.917s] Level 5:colcon.colcon_core.verb:set package 'oakd' build argument 'catkin_skip_building_tests' from command line to 'False'
[0.917s] DEBUG:colcon.colcon_core.verb:Building package 'oakd' with the following arguments: {'ament_cmake_args': None, 'build_base': '/home/mcpslab/Desktop/ROS-Tutorials/Node-Test/build/oakd', 'catkin_cmake_args': None, 'catkin_skip_building_tests': False, 'cmake_args': None, 'cmake_clean_cache': False, 'cmake_clean_first': False, 'cmake_force_configure': False, 'cmake_target': None, 'cmake_target_skip_unavailable': False, 'install_base': '/home/mcpslab/Desktop/ROS-Tutorials/Node-Test/install/oakd', 'merge_install': False, 'path': '/home/mcpslab/Desktop/ROS-Tutorials/Node-Test/src/oakd', 'symlink_install': False, 'test_result_base': None}
[0.926s] INFO:colcon.colcon_core.executor:Executing jobs using 'parallel' executor
[0.930s] DEBUG:colcon.colcon_parallel_executor.executor.parallel:run_until_complete
[0.930s] INFO:colcon.colcon_ros.task.ament_python.build:Building ROS package in '/home/mcpslab/Desktop/ROS-Tutorials/Node-Test/src/oakd' with build type 'ament_python'
[0.930s] Level 1:colcon.colcon_core.shell:create_environment_hook('oakd', 'ament_prefix_path')
[1.035s] INFO:colcon.colcon_core.plugin_system:Skipping extension 'colcon_core.shell.bat': Not used on non-Windows systems
[1.035s] INFO:colcon.colcon_core.shell:Creating environment hook '/home/mcpslab/Desktop/ROS-Tutorials/Node-Test/install/oakd/share/oakd/hook/ament_prefix_path.ps1'
[1.043s] INFO:colcon.colcon_core.shell:Creating environment descriptor '/home/mcpslab/Desktop/ROS-Tutorials/Node-Test/install/oakd/share/oakd/hook/ament_prefix_path.dsv'
[1.053s] INFO:colcon.colcon_core.shell:Creating environment hook '/home/mcpslab/Desktop/ROS-Tutorials/Node-Test/install/oakd/share/oakd/hook/ament_prefix_path.sh'
[1.059s] INFO:colcon.colcon_core.shell:Skip shell extension 'powershell' for command environment: Not usable outside of PowerShell
[1.059s] DEBUG:colcon.colcon_core.shell:Skip shell extension 'dsv' for command environment
[1.964s] INFO:colcon.colcon_core.task.python.build:Building Python package in '/home/mcpslab/Desktop/ROS-Tutorials/Node-Test/src/oakd'
[1.967s] INFO:colcon.colcon_core.shell:Skip shell extension 'powershell' for command environment: Not usable outside of PowerShell
[1.967s] DEBUG:colcon.colcon_core.shell:Skip shell extension 'dsv' for command environment
[4.310s] DEBUG:colcon.colcon_core.event_handler.log_command:Invoking command in '/home/mcpslab/Desktop/ROS-Tutorials/Node-Test/src/oakd': PYTHONPATH=/home/mcpslab/Desktop/ROS-Tutorials/Node-Test/install/oakd/lib/python3.8/site-packages:${PYTHONPATH} /usr/bin/python3 setup.py egg_info --egg-base ../../build/oakd build --build-base /home/mcpslab/Desktop/ROS-Tutorials/Node-Test/build/oakd/build install --prefix /home/mcpslab/Desktop/ROS-Tutorials/Node-Test/install/oakd --record /home/mcpslab/Desktop/ROS-Tutorials/Node-Test/build/oakd/install.log --single-version-externally-managed
[5.951s] DEBUG:colcon.colcon_core.event_handler.log_command:Invoked command in '/home/mcpslab/Desktop/ROS-Tutorials/Node-Test/src/oakd' returned '0': PYTHONPATH=/home/mcpslab/Desktop/ROS-Tutorials/Node-Test/install/oakd/lib/python3.8/site-packages:${PYTHONPATH} /usr/bin/python3 setup.py egg_info --egg-base ../../build/oakd build --build-base /home/mcpslab/Desktop/ROS-Tutorials/Node-Test/build/oakd/build install --prefix /home/mcpslab/Desktop/ROS-Tutorials/Node-Test/install/oakd --record /home/mcpslab/Desktop/ROS-Tutorials/Node-Test/build/oakd/install.log --single-version-externally-managed
[6.032s] Level 1:colcon.colcon_core.environment:checking '/home/mcpslab/Desktop/ROS-Tutorials/Node-Test/install/oakd' for CMake module files
[6.033s] Level 1:colcon.colcon_core.environment:checking '/home/mcpslab/Desktop/ROS-Tutorials/Node-Test/install/oakd' for CMake config files
[6.034s] Level 1:colcon.colcon_core.environment:checking '/home/mcpslab/Desktop/ROS-Tutorials/Node-Test/install/oakd/lib'
[6.034s] Level 1:colcon.colcon_core.environment:checking '/home/mcpslab/Desktop/ROS-Tutorials/Node-Test/install/oakd/bin'
[6.034s] Level 1:colcon.colcon_core.environment:checking '/home/mcpslab/Desktop/ROS-Tutorials/Node-Test/install/oakd/lib/pkgconfig/oakd.pc'
[6.034s] Level 1:colcon.colcon_core.environment:checking '/home/mcpslab/Desktop/ROS-Tutorials/Node-Test/install/oakd/lib/python3.8/site-packages'
[6.035s] Level 1:colcon.colcon_core.shell:create_environment_hook('oakd', 'pythonpath')
[6.035s] INFO:colcon.colcon_core.shell:Creating environment hook '/home/mcpslab/Desktop/ROS-Tutorials/Node-Test/install/oakd/share/oakd/hook/pythonpath.ps1'
[6.036s] INFO:colcon.colcon_core.shell:Creating environment descriptor '/home/mcpslab/Desktop/ROS-Tutorials/Node-Test/install/oakd/share/oakd/hook/pythonpath.dsv'
[6.037s] INFO:colcon.colcon_core.shell:Creating environment hook '/home/mcpslab/Desktop/ROS-Tutorials/Node-Test/install/oakd/share/oakd/hook/pythonpath.sh'
[6.037s] Level 1:colcon.colcon_core.environment:create_environment_scripts_only(oakd)
[6.038s] INFO:colcon.colcon_core.shell:Creating package script '/home/mcpslab/Desktop/ROS-Tutorials/Node-Test/install/oakd/share/oakd/package.ps1'
[6.043s] INFO:colcon.colcon_core.shell:Creating package descriptor '/home/mcpslab/Desktop/ROS-Tutorials/Node-Test/install/oakd/share/oakd/package.dsv'
[6.045s] INFO:colcon.colcon_core.shell:Creating package script '/home/mcpslab/Desktop/ROS-Tutorials/Node-Test/install/oakd/share/oakd/package.sh'
[6.047s] INFO:colcon.colcon_core.shell:Creating package script '/home/mcpslab/Desktop/ROS-Tutorials/Node-Test/install/oakd/share/oakd/package.bash'
[6.048s] INFO:colcon.colcon_core.shell:Creating package script '/home/mcpslab/Desktop/ROS-Tutorials/Node-Test/install/oakd/share/oakd/package.zsh'
[6.050s] Level 1:colcon.colcon_core.environment:create_file_with_runtime_dependencies(/home/mcpslab/Desktop/ROS-Tutorials/Node-Test/install/oakd/share/colcon-core/packages/oakd)
[6.050s] DEBUG:colcon.colcon_parallel_executor.executor.parallel:closing loop
[6.051s] DEBUG:colcon.colcon_parallel_executor.executor.parallel:loop closed
[6.051s] DEBUG:colcon.colcon_parallel_executor.executor.parallel:run_until_complete finished with '0'
[6.051s] DEBUG:colcon.colcon_core.event_reactor:joining thread
[6.082s] INFO:colcon.colcon_core.plugin_system:Skipping extension 'colcon_notification.desktop_notification.terminal_notifier': Not used on non-Darwin systems
[6.082s] INFO:colcon.colcon_core.plugin_system:Skipping extension 'colcon_notification.desktop_notification.win32': Not used on non-Windows systems
[6.082s] INFO:colcon.colcon_notification.desktop_notification:Sending desktop notification using 'notify2'
[6.129s] DEBUG:colcon.colcon_core.event_reactor:joined thread
[6.131s] INFO:colcon.colcon_core.shell:Creating prefix script '/home/mcpslab/Desktop/ROS-Tutorials/Node-Test/install/local_setup.ps1'
[6.133s] INFO:colcon.colcon_core.shell:Creating prefix util module '/home/mcpslab/Desktop/ROS-Tutorials/Node-Test/install/_local_setup_util_ps1.py'
[6.135s] INFO:colcon.colcon_core.shell:Creating prefix chain script '/home/mcpslab/Desktop/ROS-Tutorials/Node-Test/install/setup.ps1'
[6.138s] INFO:colcon.colcon_core.shell:Creating prefix script '/home/mcpslab/Desktop/ROS-Tutorials/Node-Test/install/local_setup.sh'
[6.142s] INFO:colcon.colcon_core.shell:Creating prefix util module '/home/mcpslab/Desktop/ROS-Tutorials/Node-Test/install/_local_setup_util_sh.py'
[6.144s] INFO:colcon.colcon_core.shell:Creating prefix chain script '/home/mcpslab/Desktop/ROS-Tutorials/Node-Test/install/setup.sh'
[6.149s] INFO:colcon.colcon_core.shell:Creating prefix script '/home/mcpslab/Desktop/ROS-Tutorials/Node-Test/install/local_setup.bash'
[6.150s] INFO:colcon.colcon_core.shell:Creating prefix chain script '/home/mcpslab/Desktop/ROS-Tutorials/Node-Test/install/setup.bash'
[6.154s] INFO:colcon.colcon_core.shell:Creating prefix script '/home/mcpslab/Desktop/ROS-Tutorials/Node-Test/install/local_setup.zsh'
[6.156s] INFO:colcon.colcon_core.shell:Creating prefix chain script '/home/mcpslab/Desktop/ROS-Tutorials/Node-Test/install/setup.zsh'
