[3.114s] Invoking command in '/home/mcpslab/Desktop/ROS-Tutorials/Node-Test/src/oakd': PYTHONPATH=/home/mcpslab/Desktop/ROS-Tutorials/Node-Test/install/oakd/lib/python3.8/site-packages:${PYTHONPATH} /usr/bin/python3 setup.py egg_info --egg-base ../../build/oakd build --build-base /home/mcpslab/Desktop/ROS-Tutorials/Node-Test/build/oakd/build install --prefix /home/mcpslab/Desktop/ROS-Tutorials/Node-Test/install/oakd --record /home/mcpslab/Desktop/ROS-Tutorials/Node-Test/build/oakd/install.log --single-version-externally-managed
[3.632s] running egg_info
[3.633s] writing ../../build/oakd/oakd.egg-info/PKG-INFO
[3.633s] writing dependency_links to ../../build/oakd/oakd.egg-info/dependency_links.txt
[3.634s] writing entry points to ../../build/oakd/oakd.egg-info/entry_points.txt
[3.635s] writing requirements to ../../build/oakd/oakd.egg-info/requires.txt
[3.636s] writing top-level names to ../../build/oakd/oakd.egg-info/top_level.txt
[3.892s] reading manifest file '../../build/oakd/oakd.egg-info/SOURCES.txt'
[3.908s] writing manifest file '../../build/oakd/oakd.egg-info/SOURCES.txt'
[3.909s] running build
[3.909s] running build_py
[3.909s] copying oakd/oakd_rgb_function.py -> /home/mcpslab/Desktop/ROS-Tutorials/Node-Test/build/oakd/build/lib/oakd
[3.909s] running install
[3.911s] running install_lib
[3.913s] copying /home/mcpslab/Desktop/ROS-Tutorials/Node-Test/build/oakd/build/lib/oakd/oakd_rgb_function.py -> /home/mcpslab/Desktop/ROS-Tutorials/Node-Test/install/oakd/lib/python3.8/site-packages/oakd
[3.914s] byte-compiling /home/mcpslab/Desktop/ROS-Tutorials/Node-Test/install/oakd/lib/python3.8/site-packages/oakd/oakd_rgb_function.py to oakd_rgb_function.cpython-38.pyc
[3.916s] Sorry: TabError: inconsistent use of tabs and spaces in indentation (oakd_rgb_function.py, line 61)
[3.916s] running install_data
[3.917s] running install_egg_info
[3.919s] removing '/home/mcpslab/Desktop/ROS-Tutorials/Node-Test/install/oakd/lib/python3.8/site-packages/oakd-0.0.0-py3.8.egg-info' (and everything under it)
[3.919s] Copying ../../build/oakd/oakd.egg-info to /home/mcpslab/Desktop/ROS-Tutorials/Node-Test/install/oakd/lib/python3.8/site-packages/oakd-0.0.0-py3.8.egg-info
[3.933s] running install_scripts
[3.960s] Installing oakd_rgb script to /home/mcpslab/Desktop/ROS-Tutorials/Node-Test/install/oakd/lib/oakd
[3.960s] Installing oakd_starter script to /home/mcpslab/Desktop/ROS-Tutorials/Node-Test/install/oakd/lib/oakd
[3.960s] writing list of installed files to '/home/mcpslab/Desktop/ROS-Tutorials/Node-Test/build/oakd/install.log'
[3.993s] Invoked command in '/home/mcpslab/Desktop/ROS-Tutorials/Node-Test/src/oakd' returned '0': PYTHONPATH=/home/mcpslab/Desktop/ROS-Tutorials/Node-Test/install/oakd/lib/python3.8/site-packages:${PYTHONPATH} /usr/bin/python3 setup.py egg_info --egg-base ../../build/oakd build --build-base /home/mcpslab/Desktop/ROS-Tutorials/Node-Test/build/oakd/build install --prefix /home/mcpslab/Desktop/ROS-Tutorials/Node-Test/install/oakd --record /home/mcpslab/Desktop/ROS-Tutorials/Node-Test/build/oakd/install.log --single-version-externally-managed
