[0.782s] DEBUG:colcon:Command line arguments: ['/usr/bin/colcon', 'build', '--packages-select', 'oakd']
[0.782s] DEBUG:colcon:Parsed command line arguments: Namespace(allow_overriding=[], ament_cmake_args=None, base_paths=['.'], build_base='build', catkin_cmake_args=None, catkin_skip_building_tests=False, cmake_args=None, cmake_clean_cache=False, cmake_clean_first=False, cmake_force_configure=False, cmake_target=None, cmake_target_skip_unavailable=False, continue_on_error=False, event_handlers=None, executor='parallel', ignore_user_meta=False, install_base='install', log_base=None, log_level=None, main=<bound method BuildVerb.main of <colcon_core.verb.build.BuildVerb object at 0x7febdb5baca0>>, merge_install=False, metas=['./colcon.meta'], packages_above=None, packages_above_and_dependencies=None, packages_above_depth=None, packages_end=None, packages_ignore=None, packages_ignore_regex=None, packages_select=['oakd'], packages_select_build_failed=False, packages_select_by_dep=None, packages_select_regex=None, packages_select_test_failures=False, packages_skip=None, packages_skip_build_finished=False, packages_skip_by_dep=None, packages_skip_regex=None, packages_skip_test_passed=False, packages_skip_up_to=None, packages_start=None, packages_up_to=None, packages_up_to_regex=None, parallel_workers=4, paths=None, symlink_install=False, test_result_base=None, verb_extension=<colcon_core.verb.build.BuildVerb object at 0x7febdb5baca0>, verb_name='build', verb_parser=<colcon_defaults.argument_parser.defaults.DefaultArgumentsDecorator object at 0x7febdb5c5250>)
[1.061s] Level 1:colcon.colcon_core.package_discovery:discover_packages(colcon_meta) check parameters
[1.062s] Level 1:colcon.colcon_core.package_discovery:discover_packages(recursive) check parameters
[1.062s] Level 1:colcon.colcon_core.package_discovery:discover_packages(ignore) check parameters
[1.062s] Level 1:colcon.colcon_core.package_discovery:discover_packages(path) check parameters
[1.062s] Level 1:colcon.colcon_core.package_discovery:discover_packages(colcon_meta) discover
[1.062s] Level 1:colcon.colcon_core.package_discovery:discover_packages(recursive) discover
[1.062s] INFO:colcon.colcon_core.package_discovery:Crawling recursively for packages in '/home/mcpslab/Desktop/ROS-Tutorials/Node-Test'
[1.062s] Level 1:colcon.colcon_core.package_identification:_identify(.) by extensions ['ignore', 'ignore_ament_install']
[1.063s] Level 1:colcon.colcon_core.package_identification:_identify(.) by extension 'ignore'
[1.063s] Level 1:colcon.colcon_core.package_identification:_identify(.) by extension 'ignore_ament_install'
[1.063s] Level 1:colcon.colcon_core.package_identification:_identify(.) by extensions ['colcon_pkg']
[1.063s] Level 1:colcon.colcon_core.package_identification:_identify(.) by extension 'colcon_pkg'
[1.063s] Level 1:colcon.colcon_core.package_identification:_identify(.) by extensions ['colcon_meta']
[1.063s] Level 1:colcon.colcon_core.package_identification:_identify(.) by extension 'colcon_meta'
[1.063s] Level 1:colcon.colcon_core.package_identification:_identify(.) by extensions ['ros']
[1.063s] Level 1:colcon.colcon_core.package_identification:_identify(.) by extension 'ros'
[1.127s] Level 1:colcon.colcon_core.package_identification:_identify(.) by extensions ['cmake', 'python']
[1.127s] Level 1:colcon.colcon_core.package_identification:_identify(.) by extension 'cmake'
[1.127s] Level 1:colcon.colcon_core.package_identification:_identify(.) by extension 'python'
[1.127s] Level 1:colcon.colcon_core.package_identification:_identify(.) by extensions ['python_setup_py']
[1.127s] Level 1:colcon.colcon_core.package_identification:_identify(.) by extension 'python_setup_py'
[1.128s] Level 1:colcon.colcon_core.package_identification:_identify(build) by extensions ['ignore', 'ignore_ament_install']
[1.128s] Level 1:colcon.colcon_core.package_identification:_identify(build) by extension 'ignore'
[1.128s] Level 1:colcon.colcon_core.package_identification:_identify(build) ignored
[1.128s] Level 1:colcon.colcon_core.package_identification:_identify(install) by extensions ['ignore', 'ignore_ament_install']
[1.128s] Level 1:colcon.colcon_core.package_identification:_identify(install) by extension 'ignore'
[1.128s] Level 1:colcon.colcon_core.package_identification:_identify(install) ignored
[1.129s] Level 1:colcon.colcon_core.package_identification:_identify(launch) by extensions ['ignore', 'ignore_ament_install']
[1.129s] Level 1:colcon.colcon_core.package_identification:_identify(launch) by extension 'ignore'
[1.129s] Level 1:colcon.colcon_core.package_identification:_identify(launch) by extension 'ignore_ament_install'
[1.129s] Level 1:colcon.colcon_core.package_identification:_identify(launch) by extensions ['colcon_pkg']
[1.129s] Level 1:colcon.colcon_core.package_identification:_identify(launch) by extension 'colcon_pkg'
[1.129s] Level 1:colcon.colcon_core.package_identification:_identify(launch) by extensions ['colcon_meta']
[1.129s] Level 1:colcon.colcon_core.package_identification:_identify(launch) by extension 'colcon_meta'
[1.129s] Level 1:colcon.colcon_core.package_identification:_identify(launch) by extensions ['ros']
[1.129s] Level 1:colcon.colcon_core.package_identification:_identify(launch) by extension 'ros'
[1.130s] Level 1:colcon.colcon_core.package_identification:_identify(launch) by extensions ['cmake', 'python']
[1.130s] Level 1:colcon.colcon_core.package_identification:_identify(launch) by extension 'cmake'
[1.130s] Level 1:colcon.colcon_core.package_identification:_identify(launch) by extension 'python'
[1.130s] Level 1:colcon.colcon_core.package_identification:_identify(launch) by extensions ['python_setup_py']
[1.130s] Level 1:colcon.colcon_core.package_identification:_identify(launch) by extension 'python_setup_py'
[1.131s] Level 1:colcon.colcon_core.package_identification:_identify(log) by extensions ['ignore', 'ignore_ament_install']
[1.131s] Level 1:colcon.colcon_core.package_identification:_identify(log) by extension 'ignore'
[1.131s] Level 1:colcon.colcon_core.package_identification:_identify(log) ignored
[1.131s] Level 1:colcon.colcon_core.package_identification:_identify(src) by extensions ['ignore', 'ignore_ament_install']
[1.131s] Level 1:colcon.colcon_core.package_identification:_identify(src) by extension 'ignore'
[1.131s] Level 1:colcon.colcon_core.package_identification:_identify(src) by extension 'ignore_ament_install'
[1.132s] Level 1:colcon.colcon_core.package_identification:_identify(src) by extensions ['colcon_pkg']
[1.132s] Level 1:colcon.colcon_core.package_identification:_identify(src) by extension 'colcon_pkg'
[1.132s] Level 1:colcon.colcon_core.package_identification:_identify(src) by extensions ['colcon_meta']
[1.132s] Level 1:colcon.colcon_core.package_identification:_identify(src) by extension 'colcon_meta'
[1.132s] Level 1:colcon.colcon_core.package_identification:_identify(src) by extensions ['ros']
[1.132s] Level 1:colcon.colcon_core.package_identification:_identify(src) by extension 'ros'
[1.132s] Level 1:colcon.colcon_core.package_identification:_identify(src) by extensions ['cmake', 'python']
[1.133s] Level 1:colcon.colcon_core.package_identification:_identify(src) by extension 'cmake'
[1.133s] Level 1:colcon.colcon_core.package_identification:_identify(src) by extension 'python'
[1.133s] Level 1:colcon.colcon_core.package_identification:_identify(src) by extensions ['python_setup_py']
[1.133s] Level 1:colcon.colcon_core.package_identification:_identify(src) by extension 'python_setup_py'
[1.133s] Level 1:colcon.colcon_core.package_identification:_identify(src/oakd) by extensions ['ignore', 'ignore_ament_install']
[1.133s] Level 1:colcon.colcon_core.package_identification:_identify(src/oakd) by extension 'ignore'
[1.134s] Level 1:colcon.colcon_core.package_identification:_identify(src/oakd) by extension 'ignore_ament_install'
[1.134s] Level 1:colcon.colcon_core.package_identification:_identify(src/oakd) by extensions ['colcon_pkg']
[1.134s] Level 1:colcon.colcon_core.package_identification:_identify(src/oakd) by extension 'colcon_pkg'
[1.134s] Level 1:colcon.colcon_core.package_identification:_identify(src/oakd) by extensions ['colcon_meta']
[1.134s] Level 1:colcon.colcon_core.package_identification:_identify(src/oakd) by extension 'colcon_meta'
[1.134s] Level 1:colcon.colcon_core.package_identification:_identify(src/oakd) by extensions ['ros']
[1.134s] Level 1:colcon.colcon_core.package_identification:_identify(src/oakd) by extension 'ros'
[1.175s] DEBUG:colcon.colcon_core.package_identification:Package 'src/oakd' with type 'ros.ament_python' and name 'oakd'
[1.175s] Level 1:colcon.colcon_core.package_discovery:discover_packages(recursive) using defaults
[1.176s] Level 1:colcon.colcon_core.package_discovery:discover_packages(ignore) discover
[1.176s] Level 1:colcon.colcon_core.package_discovery:discover_packages(ignore) using defaults
[1.176s] Level 1:colcon.colcon_core.package_discovery:discover_packages(path) discover
[1.176s] Level 1:colcon.colcon_core.package_discovery:discover_packages(path) using defaults
[1.336s] Level 1:colcon.colcon_core.package_discovery:discover_packages(prefix_path) check parameters
[1.336s] Level 1:colcon.colcon_core.package_discovery:discover_packages(prefix_path) discover
[1.341s] DEBUG:colcon.colcon_installed_package_information.package_discovery:Found 1 installed packages in /home/mcpslab/Desktop/ROS-Tutorials/Node-Test/install
[1.345s] DEBUG:colcon.colcon_installed_package_information.package_discovery:Found 283 installed packages in /opt/ros/galactic
[1.347s] Level 1:colcon.colcon_core.package_discovery:discover_packages(prefix_path) using defaults
[2.415s] Level 5:colcon.colcon_core.verb:set package 'oakd' build argument 'cmake_args' from command line to 'None'
[2.415s] Level 5:colcon.colcon_core.verb:set package 'oakd' build argument 'cmake_target' from command line to 'None'
[2.415s] Level 5:colcon.colcon_core.verb:set package 'oakd' build argument 'cmake_target_skip_unavailable' from command line to 'False'
[2.416s] Level 5:colcon.colcon_core.verb:set package 'oakd' build argument 'cmake_clean_cache' from command line to 'False'
[2.416s] Level 5:colcon.colcon_core.verb:set package 'oakd' build argument 'cmake_clean_first' from command line to 'False'
[2.416s] Level 5:colcon.colcon_core.verb:set package 'oakd' build argument 'cmake_force_configure' from command line to 'False'
[2.416s] Level 5:colcon.colcon_core.verb:set package 'oakd' build argument 'ament_cmake_args' from command line to 'None'
[2.416s] Level 5:colcon.colcon_core.verb:set package 'oakd' build argument 'catkin_cmake_args' from command line to 'None'
[2.417s] Level 5:colcon.colcon_core.verb:set package 'oakd' build argument 'catkin_skip_building_tests' from command line to 'False'
[2.417s] DEBUG:colcon.colcon_core.verb:Building package 'oakd' with the following arguments: {'ament_cmake_args': None, 'build_base': '/home/mcpslab/Desktop/ROS-Tutorials/Node-Test/build/oakd', 'catkin_cmake_args': None, 'catkin_skip_building_tests': False, 'cmake_args': None, 'cmake_clean_cache': False, 'cmake_clean_first': False, 'cmake_force_configure': False, 'cmake_target': None, 'cmake_target_skip_unavailable': False, 'install_base': '/home/mcpslab/Desktop/ROS-Tutorials/Node-Test/install/oakd', 'merge_install': False, 'path': '/home/mcpslab/Desktop/ROS-Tutorials/Node-Test/src/oakd', 'symlink_install': False, 'test_result_base': None}
[2.422s] INFO:colcon.colcon_core.executor:Executing jobs using 'parallel' executor
[2.446s] DEBUG:colcon.colcon_parallel_executor.executor.parallel:run_until_complete
[2.447s] INFO:colcon.colcon_ros.task.ament_python.build:Building ROS package in '/home/mcpslab/Desktop/ROS-Tutorials/Node-Test/src/oakd' with build type 'ament_python'
[2.448s] Level 1:colcon.colcon_core.shell:create_environment_hook('oakd', 'ament_prefix_path')
[2.576s] INFO:colcon.colcon_core.plugin_system:Skipping extension 'colcon_core.shell.bat': Not used on non-Windows systems
[2.577s] INFO:colcon.colcon_core.shell:Creating environment hook '/home/mcpslab/Desktop/ROS-Tutorials/Node-Test/install/oakd/share/oakd/hook/ament_prefix_path.ps1'
[2.589s] INFO:colcon.colcon_core.shell:Creating environment descriptor '/home/mcpslab/Desktop/ROS-Tutorials/Node-Test/install/oakd/share/oakd/hook/ament_prefix_path.dsv'
[2.605s] INFO:colcon.colcon_core.shell:Creating environment hook '/home/mcpslab/Desktop/ROS-Tutorials/Node-Test/install/oakd/share/oakd/hook/ament_prefix_path.sh'
[2.609s] INFO:colcon.colcon_core.shell:Skip shell extension 'powershell' for command environment: Not usable outside of PowerShell
[2.609s] DEBUG:colcon.colcon_core.shell:Skip shell extension 'dsv' for command environment
[3.099s] INFO:colcon.colcon_core.task.python.build:Building Python package in '/home/mcpslab/Desktop/ROS-Tutorials/Node-Test/src/oakd'
[3.104s] INFO:colcon.colcon_core.shell:Skip shell extension 'powershell' for command environment: Not usable outside of PowerShell
[3.104s] DEBUG:colcon.colcon_core.shell:Skip shell extension 'dsv' for command environment
[4.751s] DEBUG:colcon.colcon_core.event_handler.log_command:Invoking command in '/home/mcpslab/Desktop/ROS-Tutorials/Node-Test/src/oakd': PYTHONPATH=/home/mcpslab/Desktop/ROS-Tutorials/Node-Test/install/oakd/lib/python3.8/site-packages:${PYTHONPATH} /usr/bin/python3 setup.py egg_info --egg-base ../../build/oakd build --build-base /home/mcpslab/Desktop/ROS-Tutorials/Node-Test/build/oakd/build install --prefix /home/mcpslab/Desktop/ROS-Tutorials/Node-Test/install/oakd --record /home/mcpslab/Desktop/ROS-Tutorials/Node-Test/build/oakd/install.log --single-version-externally-managed
[5.464s] DEBUG:colcon.colcon_core.event_handler.log_command:Invoked command in '/home/mcpslab/Desktop/ROS-Tutorials/Node-Test/src/oakd' returned '0': PYTHONPATH=/home/mcpslab/Desktop/ROS-Tutorials/Node-Test/install/oakd/lib/python3.8/site-packages:${PYTHONPATH} /usr/bin/python3 setup.py egg_info --egg-base ../../build/oakd build --build-base /home/mcpslab/Desktop/ROS-Tutorials/Node-Test/build/oakd/build install --prefix /home/mcpslab/Desktop/ROS-Tutorials/Node-Test/install/oakd --record /home/mcpslab/Desktop/ROS-Tutorials/Node-Test/build/oakd/install.log --single-version-externally-managed
[5.747s] Level 1:colcon.colcon_core.environment:checking '/home/mcpslab/Desktop/ROS-Tutorials/Node-Test/install/oakd' for CMake module files
[5.749s] Level 1:colcon.colcon_core.environment:checking '/home/mcpslab/Desktop/ROS-Tutorials/Node-Test/install/oakd' for CMake config files
[5.753s] Level 1:colcon.colcon_core.environment:checking '/home/mcpslab/Desktop/ROS-Tutorials/Node-Test/install/oakd/lib'
[5.754s] Level 1:colcon.colcon_core.environment:checking '/home/mcpslab/Desktop/ROS-Tutorials/Node-Test/install/oakd/bin'
[5.754s] Level 1:colcon.colcon_core.environment:checking '/home/mcpslab/Desktop/ROS-Tutorials/Node-Test/install/oakd/lib/pkgconfig/oakd.pc'
[5.755s] Level 1:colcon.colcon_core.environment:checking '/home/mcpslab/Desktop/ROS-Tutorials/Node-Test/install/oakd/lib/python3.8/site-packages'
[5.756s] Level 1:colcon.colcon_core.shell:create_environment_hook('oakd', 'pythonpath')
[5.763s] INFO:colcon.colcon_core.shell:Creating environment hook '/home/mcpslab/Desktop/ROS-Tutorials/Node-Test/install/oakd/share/oakd/hook/pythonpath.ps1'
[5.866s] INFO:colcon.colcon_core.shell:Creating environment descriptor '/home/mcpslab/Desktop/ROS-Tutorials/Node-Test/install/oakd/share/oakd/hook/pythonpath.dsv'
[5.935s] INFO:colcon.colcon_core.shell:Creating environment hook '/home/mcpslab/Desktop/ROS-Tutorials/Node-Test/install/oakd/share/oakd/hook/pythonpath.sh'
[5.937s] Level 1:colcon.colcon_core.environment:checking '/home/mcpslab/Desktop/ROS-Tutorials/Node-Test/install/oakd/bin'
[5.938s] Level 1:colcon.colcon_core.environment:create_environment_scripts_only(oakd)
[5.942s] INFO:colcon.colcon_core.shell:Creating package script '/home/mcpslab/Desktop/ROS-Tutorials/Node-Test/install/oakd/share/oakd/package.ps1'
[5.978s] INFO:colcon.colcon_core.shell:Creating package descriptor '/home/mcpslab/Desktop/ROS-Tutorials/Node-Test/install/oakd/share/oakd/package.dsv'
[5.995s] INFO:colcon.colcon_core.shell:Creating package script '/home/mcpslab/Desktop/ROS-Tutorials/Node-Test/install/oakd/share/oakd/package.sh'
[5.999s] INFO:colcon.colcon_core.shell:Creating package script '/home/mcpslab/Desktop/ROS-Tutorials/Node-Test/install/oakd/share/oakd/package.bash'
[6.016s] INFO:colcon.colcon_core.shell:Creating package script '/home/mcpslab/Desktop/ROS-Tutorials/Node-Test/install/oakd/share/oakd/package.zsh'
[6.038s] Level 1:colcon.colcon_core.environment:create_file_with_runtime_dependencies(/home/mcpslab/Desktop/ROS-Tutorials/Node-Test/install/oakd/share/colcon-core/packages/oakd)
[6.040s] DEBUG:colcon.colcon_parallel_executor.executor.parallel:closing loop
[6.042s] DEBUG:colcon.colcon_parallel_executor.executor.parallel:loop closed
[6.042s] DEBUG:colcon.colcon_parallel_executor.executor.parallel:run_until_complete finished with '0'
[6.043s] DEBUG:colcon.colcon_core.event_reactor:joining thread
[6.095s] INFO:colcon.colcon_core.plugin_system:Skipping extension 'colcon_notification.desktop_notification.terminal_notifier': Not used on non-Darwin systems
[6.095s] INFO:colcon.colcon_core.plugin_system:Skipping extension 'colcon_notification.desktop_notification.win32': Not used on non-Windows systems
[6.096s] INFO:colcon.colcon_notification.desktop_notification:Sending desktop notification using 'notify2'
[6.121s] DEBUG:colcon.colcon_core.event_reactor:joined thread
[6.124s] INFO:colcon.colcon_core.shell:Creating prefix script '/home/mcpslab/Desktop/ROS-Tutorials/Node-Test/install/local_setup.ps1'
[6.131s] INFO:colcon.colcon_core.shell:Creating prefix util module '/home/mcpslab/Desktop/ROS-Tutorials/Node-Test/install/_local_setup_util_ps1.py'
[6.150s] INFO:colcon.colcon_core.shell:Creating prefix chain script '/home/mcpslab/Desktop/ROS-Tutorials/Node-Test/install/setup.ps1'
[6.152s] INFO:colcon.colcon_core.shell:Creating prefix script '/home/mcpslab/Desktop/ROS-Tutorials/Node-Test/install/local_setup.sh'
[6.153s] INFO:colcon.colcon_core.shell:Creating prefix util module '/home/mcpslab/Desktop/ROS-Tutorials/Node-Test/install/_local_setup_util_sh.py'
[6.154s] INFO:colcon.colcon_core.shell:Creating prefix chain script '/home/mcpslab/Desktop/ROS-Tutorials/Node-Test/install/setup.sh'
[6.157s] INFO:colcon.colcon_core.shell:Creating prefix script '/home/mcpslab/Desktop/ROS-Tutorials/Node-Test/install/local_setup.bash'
[6.169s] INFO:colcon.colcon_core.shell:Creating prefix chain script '/home/mcpslab/Desktop/ROS-Tutorials/Node-Test/install/setup.bash'
[6.171s] INFO:colcon.colcon_core.shell:Creating prefix script '/home/mcpslab/Desktop/ROS-Tutorials/Node-Test/install/local_setup.zsh'
[6.192s] INFO:colcon.colcon_core.shell:Creating prefix chain script '/home/mcpslab/Desktop/ROS-Tutorials/Node-Test/install/setup.zsh'
