[1.213s] Invoking command in '/home/mcpslab/Desktop/ROS-Tutorials/Node-Test/src/oakd': PYTHONPATH=/home/mcpslab/Desktop/ROS-Tutorials/Node-Test/install/oakd/lib/python3.8/site-packages:${PYTHONPATH} /usr/bin/python3 setup.py egg_info --egg-base ../../build/oakd build --build-base /home/mcpslab/Desktop/ROS-Tutorials/Node-Test/build/oakd/build install --prefix /home/mcpslab/Desktop/ROS-Tutorials/Node-Test/install/oakd --record /home/mcpslab/Desktop/ROS-Tutorials/Node-Test/build/oakd/install.log --single-version-externally-managed
[1.640s] running egg_info
[1.641s] writing ../../build/oakd/oakd.egg-info/PKG-INFO
[1.642s] writing dependency_links to ../../build/oakd/oakd.egg-info/dependency_links.txt
[1.642s] writing entry points to ../../build/oakd/oakd.egg-info/entry_points.txt
[1.643s] writing requirements to ../../build/oakd/oakd.egg-info/requires.txt
[1.643s] writing top-level names to ../../build/oakd/oakd.egg-info/top_level.txt
[1.691s] reading manifest file '../../build/oakd/oakd.egg-info/SOURCES.txt'
[1.760s] writing manifest file '../../build/oakd/oakd.egg-info/SOURCES.txt'
[1.761s] running build
[1.761s] running build_py
[1.761s] copying oakd/oakd_member_function.py -> /home/mcpslab/Desktop/ROS-Tutorials/Node-Test/build/oakd/build/lib/oakd
[1.762s] running install
[1.763s] running install_lib
[1.765s] copying /home/mcpslab/Desktop/ROS-Tutorials/Node-Test/build/oakd/build/lib/oakd/oakd_member_function.py -> /home/mcpslab/Desktop/ROS-Tutorials/Node-Test/install/oakd/lib/python3.8/site-packages/oakd
[1.766s] byte-compiling /home/mcpslab/Desktop/ROS-Tutorials/Node-Test/install/oakd/lib/python3.8/site-packages/oakd/oakd_member_function.py to oakd_member_function.cpython-38.pyc
[1.770s] running install_data
[1.771s] running install_egg_info
[1.773s] removing '/home/mcpslab/Desktop/ROS-Tutorials/Node-Test/install/oakd/lib/python3.8/site-packages/oakd-0.0.0-py3.8.egg-info' (and everything under it)
[1.774s] Copying ../../build/oakd/oakd.egg-info to /home/mcpslab/Desktop/ROS-Tutorials/Node-Test/install/oakd/lib/python3.8/site-packages/oakd-0.0.0-py3.8.egg-info
[1.775s] running install_scripts
[1.800s] Installing oakd_imu script to /home/mcpslab/Desktop/ROS-Tutorials/Node-Test/install/oakd/lib/oakd
[1.801s] Installing oakd_imu_rotation script to /home/mcpslab/Desktop/ROS-Tutorials/Node-Test/install/oakd/lib/oakd
[1.801s] Installing oakd_imu_rotation_vector script to /home/mcpslab/Desktop/ROS-Tutorials/Node-Test/install/oakd/lib/oakd
[1.801s] Installing oakd_imu_stereo script to /home/mcpslab/Desktop/ROS-Tutorials/Node-Test/install/oakd/lib/oakd
[1.802s] Installing oakd_rgb script to /home/mcpslab/Desktop/ROS-Tutorials/Node-Test/install/oakd/lib/oakd
[1.802s] Installing oakd_rgb_imu script to /home/mcpslab/Desktop/ROS-Tutorials/Node-Test/install/oakd/lib/oakd
[1.802s] Installing oakd_starter script to /home/mcpslab/Desktop/ROS-Tutorials/Node-Test/install/oakd/lib/oakd
[1.803s] writing list of installed files to '/home/mcpslab/Desktop/ROS-Tutorials/Node-Test/build/oakd/install.log'
[1.834s] Invoked command in '/home/mcpslab/Desktop/ROS-Tutorials/Node-Test/src/oakd' returned '0': PYTHONPATH=/home/mcpslab/Desktop/ROS-Tutorials/Node-Test/install/oakd/lib/python3.8/site-packages:${PYTHONPATH} /usr/bin/python3 setup.py egg_info --egg-base ../../build/oakd build --build-base /home/mcpslab/Desktop/ROS-Tutorials/Node-Test/build/oakd/build install --prefix /home/mcpslab/Desktop/ROS-Tutorials/Node-Test/install/oakd --record /home/mcpslab/Desktop/ROS-Tutorials/Node-Test/build/oakd/install.log --single-version-externally-managed
