running egg_info
writing ../../build/Camera_pkg/Camera_pkg.egg-info/PKG-INFO
writing dependency_links to ../../build/Camera_pkg/Camera_pkg.egg-info/dependency_links.txt
writing entry points to ../../build/Camera_pkg/Camera_pkg.egg-info/entry_points.txt
writing requirements to ../../build/Camera_pkg/Camera_pkg.egg-info/requires.txt
writing top-level names to ../../build/Camera_pkg/Camera_pkg.egg-info/top_level.txt
reading manifest file '../../build/Camera_pkg/Camera_pkg.egg-info/SOURCES.txt'
writing manifest file '../../build/Camera_pkg/Camera_pkg.egg-info/SOURCES.txt'
running build
running build_py
copying Camera_pkg/oakd_rgb_function.py -> /home/mcpslab/Desktop/Underwater-github/Underwater/Optical_Aspect/build/Camera_pkg/build/lib/Camera_pkg
copying Camera_pkg/oakd_receiver_function.py -> /home/mcpslab/Desktop/Underwater-github/Underwater/Optical_Aspect/build/Camera_pkg/build/lib/Camera_pkg
copying Camera_pkg/oakd_imu_rotation_vector.py -> /home/mcpslab/Desktop/Underwater-github/Underwater/Optical_Aspect/build/Camera_pkg/build/lib/Camera_pkg
copying Camera_pkg/oakd_stereo_function.py -> /home/mcpslab/Desktop/Underwater-github/Underwater/Optical_Aspect/build/Camera_pkg/build/lib/Camera_pkg
copying Camera_pkg/oakd_main_function.py -> /home/mcpslab/Desktop/Underwater-github/Underwater/Optical_Aspect/build/Camera_pkg/build/lib/Camera_pkg
copying Camera_pkg/oakd_imu_function.py -> /home/mcpslab/Desktop/Underwater-github/Underwater/Optical_Aspect/build/Camera_pkg/build/lib/Camera_pkg
running install
running install_lib
copying /home/mcpslab/Desktop/Underwater-github/Underwater/Optical_Aspect/build/Camera_pkg/build/lib/Camera_pkg/oakd_rgb_function.py -> /home/mcpslab/Desktop/Underwater-github/Underwater/Optical_Aspect/install/Camera_pkg/lib/python3.8/site-packages/Camera_pkg
copying /home/mcpslab/Desktop/Underwater-github/Underwater/Optical_Aspect/build/Camera_pkg/build/lib/Camera_pkg/oakd_receiver_function.py -> /home/mcpslab/Desktop/Underwater-github/Underwater/Optical_Aspect/install/Camera_pkg/lib/python3.8/site-packages/Camera_pkg
copying /home/mcpslab/Desktop/Underwater-github/Underwater/Optical_Aspect/build/Camera_pkg/build/lib/Camera_pkg/oakd_imu_rotation_vector.py -> /home/mcpslab/Desktop/Underwater-github/Underwater/Optical_Aspect/install/Camera_pkg/lib/python3.8/site-packages/Camera_pkg
copying /home/mcpslab/Desktop/Underwater-github/Underwater/Optical_Aspect/build/Camera_pkg/build/lib/Camera_pkg/oakd_stereo_function.py -> /home/mcpslab/Desktop/Underwater-github/Underwater/Optical_Aspect/install/Camera_pkg/lib/python3.8/site-packages/Camera_pkg
copying /home/mcpslab/Desktop/Underwater-github/Underwater/Optical_Aspect/build/Camera_pkg/build/lib/Camera_pkg/oakd_main_function.py -> /home/mcpslab/Desktop/Underwater-github/Underwater/Optical_Aspect/install/Camera_pkg/lib/python3.8/site-packages/Camera_pkg
copying /home/mcpslab/Desktop/Underwater-github/Underwater/Optical_Aspect/build/Camera_pkg/build/lib/Camera_pkg/oakd_imu_function.py -> /home/mcpslab/Desktop/Underwater-github/Underwater/Optical_Aspect/install/Camera_pkg/lib/python3.8/site-packages/Camera_pkg
byte-compiling /home/mcpslab/Desktop/Underwater-github/Underwater/Optical_Aspect/install/Camera_pkg/lib/python3.8/site-packages/Camera_pkg/oakd_rgb_function.py to oakd_rgb_function.cpython-38.pyc
byte-compiling /home/mcpslab/Desktop/Underwater-github/Underwater/Optical_Aspect/install/Camera_pkg/lib/python3.8/site-packages/Camera_pkg/oakd_receiver_function.py to oakd_receiver_function.cpython-38.pyc
byte-compiling /home/mcpslab/Desktop/Underwater-github/Underwater/Optical_Aspect/install/Camera_pkg/lib/python3.8/site-packages/Camera_pkg/oakd_imu_rotation_vector.py to oakd_imu_rotation_vector.cpython-38.pyc
byte-compiling /home/mcpslab/Desktop/Underwater-github/Underwater/Optical_Aspect/install/Camera_pkg/lib/python3.8/site-packages/Camera_pkg/oakd_stereo_function.py to oakd_stereo_function.cpython-38.pyc
byte-compiling /home/mcpslab/Desktop/Underwater-github/Underwater/Optical_Aspect/install/Camera_pkg/lib/python3.8/site-packages/Camera_pkg/oakd_main_function.py to oakd_main_function.cpython-38.pyc
byte-compiling /home/mcpslab/Desktop/Underwater-github/Underwater/Optical_Aspect/install/Camera_pkg/lib/python3.8/site-packages/Camera_pkg/oakd_imu_function.py to oakd_imu_function.cpython-38.pyc
running install_data
running install_egg_info
removing '/home/mcpslab/Desktop/Underwater-github/Underwater/Optical_Aspect/install/Camera_pkg/lib/python3.8/site-packages/Camera_pkg-0.0.0-py3.8.egg-info' (and everything under it)
Copying ../../build/Camera_pkg/Camera_pkg.egg-info to /home/mcpslab/Desktop/Underwater-github/Underwater/Optical_Aspect/install/Camera_pkg/lib/python3.8/site-packages/Camera_pkg-0.0.0-py3.8.egg-info
running install_scripts
Installing camera_node script to /home/mcpslab/Desktop/Underwater-github/Underwater/Optical_Aspect/install/Camera_pkg/lib/Camera_pkg
Installing oakd_imu_function script to /home/mcpslab/Desktop/Underwater-github/Underwater/Optical_Aspect/install/Camera_pkg/lib/Camera_pkg
Installing oakd_imu_rotation_function script to /home/mcpslab/Desktop/Underwater-github/Underwater/Optical_Aspect/install/Camera_pkg/lib/Camera_pkg
Installing oakd_main script to /home/mcpslab/Desktop/Underwater-github/Underwater/Optical_Aspect/install/Camera_pkg/lib/Camera_pkg
Installing oakd_receiver script to /home/mcpslab/Desktop/Underwater-github/Underwater/Optical_Aspect/install/Camera_pkg/lib/Camera_pkg
Installing oakd_rgb script to /home/mcpslab/Desktop/Underwater-github/Underwater/Optical_Aspect/install/Camera_pkg/lib/Camera_pkg
Installing oakd_stereo script to /home/mcpslab/Desktop/Underwater-github/Underwater/Optical_Aspect/install/Camera_pkg/lib/Camera_pkg
writing list of installed files to '/home/mcpslab/Desktop/Underwater-github/Underwater/Optical_Aspect/build/Camera_pkg/install.log'
