[1.205s] Invoking command in '/home/mcpslab/Desktop/Underwater-github/Underwater/Optical_Aspect/src/LED_pkg': PYTHONPATH=/home/mcpslab/Desktop/Underwater-github/Underwater/Optical_Aspect/install/LED_pkg/lib/python3.8/site-packages:${PYTHONPATH} /usr/bin/python3 setup.py egg_info --egg-base ../../build/LED_pkg build --build-base /home/mcpslab/Desktop/Underwater-github/Underwater/Optical_Aspect/build/LED_pkg/build install --prefix /home/mcpslab/Desktop/Underwater-github/Underwater/Optical_Aspect/install/LED_pkg --record /home/mcpslab/Desktop/Underwater-github/Underwater/Optical_Aspect/build/LED_pkg/install.log --single-version-externally-managed
[1.598s] running egg_info
[1.599s] writing ../../build/LED_pkg/LED_pkg.egg-info/PKG-INFO
[1.600s] writing dependency_links to ../../build/LED_pkg/LED_pkg.egg-info/dependency_links.txt
[1.600s] writing entry points to ../../build/LED_pkg/LED_pkg.egg-info/entry_points.txt
[1.600s] writing requirements to ../../build/LED_pkg/LED_pkg.egg-info/requires.txt
[1.600s] writing top-level names to ../../build/LED_pkg/LED_pkg.egg-info/top_level.txt
[1.651s] reading manifest file '../../build/LED_pkg/LED_pkg.egg-info/SOURCES.txt'
[1.653s] writing manifest file '../../build/LED_pkg/LED_pkg.egg-info/SOURCES.txt'
[1.653s] running build
[1.653s] running build_py
[1.653s] copying LED_pkg/led_random_packet_function.py -> /home/mcpslab/Desktop/Underwater-github/Underwater/Optical_Aspect/build/LED_pkg/build/lib/LED_pkg
[1.654s] copying LED_pkg/led_blink_function.py -> /home/mcpslab/Desktop/Underwater-github/Underwater/Optical_Aspect/build/LED_pkg/build/lib/LED_pkg
[1.654s] running install
[1.656s] running install_lib
[1.658s] copying /home/mcpslab/Desktop/Underwater-github/Underwater/Optical_Aspect/build/LED_pkg/build/lib/LED_pkg/led_random_packet_function.py -> /home/mcpslab/Desktop/Underwater-github/Underwater/Optical_Aspect/install/LED_pkg/lib/python3.8/site-packages/LED_pkg
[1.659s] copying /home/mcpslab/Desktop/Underwater-github/Underwater/Optical_Aspect/build/LED_pkg/build/lib/LED_pkg/led_blink_function.py -> /home/mcpslab/Desktop/Underwater-github/Underwater/Optical_Aspect/install/LED_pkg/lib/python3.8/site-packages/LED_pkg
[1.758s] byte-compiling /home/mcpslab/Desktop/Underwater-github/Underwater/Optical_Aspect/install/LED_pkg/lib/python3.8/site-packages/LED_pkg/led_random_packet_function.py to led_random_packet_function.cpython-38.pyc
[1.768s] byte-compiling /home/mcpslab/Desktop/Underwater-github/Underwater/Optical_Aspect/install/LED_pkg/lib/python3.8/site-packages/LED_pkg/led_blink_function.py to led_blink_function.cpython-38.pyc
[1.770s] running install_data
[1.773s] running install_egg_info
[1.780s] removing '/home/mcpslab/Desktop/Underwater-github/Underwater/Optical_Aspect/install/LED_pkg/lib/python3.8/site-packages/LED_pkg-0.0.0-py3.8.egg-info' (and everything under it)
[1.781s] Copying ../../build/LED_pkg/LED_pkg.egg-info to /home/mcpslab/Desktop/Underwater-github/Underwater/Optical_Aspect/install/LED_pkg/lib/python3.8/site-packages/LED_pkg-0.0.0-py3.8.egg-info
[1.785s] running install_scripts
[1.814s] Installing led_blink script to /home/mcpslab/Desktop/Underwater-github/Underwater/Optical_Aspect/install/LED_pkg/lib/LED_pkg
[1.815s] Installing led_node script to /home/mcpslab/Desktop/Underwater-github/Underwater/Optical_Aspect/install/LED_pkg/lib/LED_pkg
[1.815s] Installing led_packet script to /home/mcpslab/Desktop/Underwater-github/Underwater/Optical_Aspect/install/LED_pkg/lib/LED_pkg
[1.815s] writing list of installed files to '/home/mcpslab/Desktop/Underwater-github/Underwater/Optical_Aspect/build/LED_pkg/install.log'
[1.848s] Invoked command in '/home/mcpslab/Desktop/Underwater-github/Underwater/Optical_Aspect/src/LED_pkg' returned '0': PYTHONPATH=/home/mcpslab/Desktop/Underwater-github/Underwater/Optical_Aspect/install/LED_pkg/lib/python3.8/site-packages:${PYTHONPATH} /usr/bin/python3 setup.py egg_info --egg-base ../../build/LED_pkg build --build-base /home/mcpslab/Desktop/Underwater-github/Underwater/Optical_Aspect/build/LED_pkg/build install --prefix /home/mcpslab/Desktop/Underwater-github/Underwater/Optical_Aspect/install/LED_pkg --record /home/mcpslab/Desktop/Underwater-github/Underwater/Optical_Aspect/build/LED_pkg/install.log --single-version-externally-managed
