[1.213s] Invoking command in '/home/mcpslab/Desktop/Underwater-github/Underwater/Optical_Aspect/src/LED_pkg': PYTHONPATH=/home/mcpslab/Desktop/Underwater-github/Underwater/Optical_Aspect/install/LED_pkg/lib/python3.8/site-packages:${PYTHONPATH} /usr/bin/python3 setup.py egg_info --egg-base ../../build/LED_pkg build --build-base /home/mcpslab/Desktop/Underwater-github/Underwater/Optical_Aspect/build/LED_pkg/build install --prefix /home/mcpslab/Desktop/Underwater-github/Underwater/Optical_Aspect/install/LED_pkg --record /home/mcpslab/Desktop/Underwater-github/Underwater/Optical_Aspect/build/LED_pkg/install.log --single-version-externally-managed
[1.600s] running egg_info
[1.601s] creating ../../build/LED_pkg/LED_pkg.egg-info
[1.601s] writing ../../build/LED_pkg/LED_pkg.egg-info/PKG-INFO
[1.602s] writing dependency_links to ../../build/LED_pkg/LED_pkg.egg-info/dependency_links.txt
[1.602s] writing entry points to ../../build/LED_pkg/LED_pkg.egg-info/entry_points.txt
[1.602s] writing requirements to ../../build/LED_pkg/LED_pkg.egg-info/requires.txt
[1.602s] writing top-level names to ../../build/LED_pkg/LED_pkg.egg-info/top_level.txt
[1.604s] writing manifest file '../../build/LED_pkg/LED_pkg.egg-info/SOURCES.txt'
[1.653s] reading manifest file '../../build/LED_pkg/LED_pkg.egg-info/SOURCES.txt'
[1.654s] writing manifest file '../../build/LED_pkg/LED_pkg.egg-info/SOURCES.txt'
[1.654s] running build
[1.655s] running build_py
[1.655s] creating /home/mcpslab/Desktop/Underwater-github/Underwater/Optical_Aspect/build/LED_pkg/build
[1.655s] creating /home/mcpslab/Desktop/Underwater-github/Underwater/Optical_Aspect/build/LED_pkg/build/lib
[1.655s] creating /home/mcpslab/Desktop/Underwater-github/Underwater/Optical_Aspect/build/LED_pkg/build/lib/LED_pkg
[1.655s] copying LED_pkg/led_node.py -> /home/mcpslab/Desktop/Underwater-github/Underwater/Optical_Aspect/build/LED_pkg/build/lib/LED_pkg
[1.656s] copying LED_pkg/__init__.py -> /home/mcpslab/Desktop/Underwater-github/Underwater/Optical_Aspect/build/LED_pkg/build/lib/LED_pkg
[1.656s] running install
[1.656s] running install_lib
[1.658s] creating /home/mcpslab/Desktop/Underwater-github/Underwater/Optical_Aspect/install/LED_pkg/lib/python3.8/site-packages/LED_pkg
[1.658s] copying /home/mcpslab/Desktop/Underwater-github/Underwater/Optical_Aspect/build/LED_pkg/build/lib/LED_pkg/led_node.py -> /home/mcpslab/Desktop/Underwater-github/Underwater/Optical_Aspect/install/LED_pkg/lib/python3.8/site-packages/LED_pkg
[1.658s] copying /home/mcpslab/Desktop/Underwater-github/Underwater/Optical_Aspect/build/LED_pkg/build/lib/LED_pkg/__init__.py -> /home/mcpslab/Desktop/Underwater-github/Underwater/Optical_Aspect/install/LED_pkg/lib/python3.8/site-packages/LED_pkg
[1.659s] byte-compiling /home/mcpslab/Desktop/Underwater-github/Underwater/Optical_Aspect/install/LED_pkg/lib/python3.8/site-packages/LED_pkg/led_node.py to led_node.cpython-38.pyc
[1.661s] byte-compiling /home/mcpslab/Desktop/Underwater-github/Underwater/Optical_Aspect/install/LED_pkg/lib/python3.8/site-packages/LED_pkg/__init__.py to __init__.cpython-38.pyc
[1.661s] running install_data
[1.662s] creating /home/mcpslab/Desktop/Underwater-github/Underwater/Optical_Aspect/install/LED_pkg/share/ament_index
[1.663s] creating /home/mcpslab/Desktop/Underwater-github/Underwater/Optical_Aspect/install/LED_pkg/share/ament_index/resource_index
[1.663s] creating /home/mcpslab/Desktop/Underwater-github/Underwater/Optical_Aspect/install/LED_pkg/share/ament_index/resource_index/packages
[1.663s] copying resource/LED_pkg -> /home/mcpslab/Desktop/Underwater-github/Underwater/Optical_Aspect/install/LED_pkg/share/ament_index/resource_index/packages
[1.663s] copying package.xml -> /home/mcpslab/Desktop/Underwater-github/Underwater/Optical_Aspect/install/LED_pkg/share/LED_pkg
[1.663s] running install_egg_info
[1.665s] Copying ../../build/LED_pkg/LED_pkg.egg-info to /home/mcpslab/Desktop/Underwater-github/Underwater/Optical_Aspect/install/LED_pkg/lib/python3.8/site-packages/LED_pkg-0.0.0-py3.8.egg-info
[1.666s] running install_scripts
[1.690s] Installing led_node script to /home/mcpslab/Desktop/Underwater-github/Underwater/Optical_Aspect/install/LED_pkg/lib/LED_pkg
[1.691s] writing list of installed files to '/home/mcpslab/Desktop/Underwater-github/Underwater/Optical_Aspect/build/LED_pkg/install.log'
[1.722s] Invoked command in '/home/mcpslab/Desktop/Underwater-github/Underwater/Optical_Aspect/src/LED_pkg' returned '0': PYTHONPATH=/home/mcpslab/Desktop/Underwater-github/Underwater/Optical_Aspect/install/LED_pkg/lib/python3.8/site-packages:${PYTHONPATH} /usr/bin/python3 setup.py egg_info --egg-base ../../build/LED_pkg build --build-base /home/mcpslab/Desktop/Underwater-github/Underwater/Optical_Aspect/build/LED_pkg/build install --prefix /home/mcpslab/Desktop/Underwater-github/Underwater/Optical_Aspect/install/LED_pkg --record /home/mcpslab/Desktop/Underwater-github/Underwater/Optical_Aspect/build/LED_pkg/install.log --single-version-externally-managed
