[1.360s] Invoking command in '/home/mcpslab/Desktop/ROS-Tutorials/Node-Test/src/oakd': PYTHONPATH=/home/mcpslab/Desktop/ROS-Tutorials/Node-Test/install/oakd/lib/python3.8/site-packages:${PYTHONPATH} /usr/bin/python3 setup.py egg_info --egg-base ../../build/oakd build --build-base /home/mcpslab/Desktop/ROS-Tutorials/Node-Test/build/oakd/build install --prefix /home/mcpslab/Desktop/ROS-Tutorials/Node-Test/install/oakd --record /home/mcpslab/Desktop/ROS-Tutorials/Node-Test/build/oakd/install.log --single-version-externally-managed
[1.815s] running egg_info
[1.816s] writing ../../build/oakd/oakd.egg-info/PKG-INFO
[1.817s] writing dependency_links to ../../build/oakd/oakd.egg-info/dependency_links.txt
[1.817s] writing entry points to ../../build/oakd/oakd.egg-info/entry_points.txt
[1.817s] writing requirements to ../../build/oakd/oakd.egg-info/requires.txt
[1.818s] writing top-level names to ../../build/oakd/oakd.egg-info/top_level.txt
[1.866s] reading manifest file '../../build/oakd/oakd.egg-info/SOURCES.txt'
[1.874s] writing manifest file '../../build/oakd/oakd.egg-info/SOURCES.txt'
[1.874s] running build
[1.874s] running build_py
[1.875s] running install
[1.876s] running install_lib
[1.878s] byte-compiling /home/mcpslab/Desktop/ROS-Tutorials/Node-Test/install/oakd/lib/python3.8/site-packages/oakd/oakd_imu_function.py to oakd_imu_function.cpython-38.pyc
[1.880s] Sorry: TabError: inconsistent use of tabs and spaces in indentation (oakd_imu_function.py, line 75)
[1.880s] running install_data
[1.881s] running install_egg_info
[1.883s] removing '/home/mcpslab/Desktop/ROS-Tutorials/Node-Test/install/oakd/lib/python3.8/site-packages/oakd-0.0.0-py3.8.egg-info' (and everything under it)
[1.884s] Copying ../../build/oakd/oakd.egg-info to /home/mcpslab/Desktop/ROS-Tutorials/Node-Test/install/oakd/lib/python3.8/site-packages/oakd-0.0.0-py3.8.egg-info
[1.885s] running install_scripts
[1.908s] Installing oakd_rgb script to /home/mcpslab/Desktop/ROS-Tutorials/Node-Test/install/oakd/lib/oakd
[1.908s] Installing oakd_starter script to /home/mcpslab/Desktop/ROS-Tutorials/Node-Test/install/oakd/lib/oakd
[1.909s] writing list of installed files to '/home/mcpslab/Desktop/ROS-Tutorials/Node-Test/build/oakd/install.log'
[1.949s] Invoked command in '/home/mcpslab/Desktop/ROS-Tutorials/Node-Test/src/oakd' returned '0': PYTHONPATH=/home/mcpslab/Desktop/ROS-Tutorials/Node-Test/install/oakd/lib/python3.8/site-packages:${PYTHONPATH} /usr/bin/python3 setup.py egg_info --egg-base ../../build/oakd build --build-base /home/mcpslab/Desktop/ROS-Tutorials/Node-Test/build/oakd/build install --prefix /home/mcpslab/Desktop/ROS-Tutorials/Node-Test/install/oakd --record /home/mcpslab/Desktop/ROS-Tutorials/Node-Test/build/oakd/install.log --single-version-externally-managed
