[1.201s] Invoking command in '/home/mcpslab/Desktop/ROS-Tutorials/Node-Test/src/oakd': PYTHONPATH=/home/mcpslab/Desktop/ROS-Tutorials/Node-Test/install/oakd/lib/python3.8/site-packages:${PYTHONPATH} /usr/bin/python3 setup.py egg_info --egg-base ../../build/oakd build --build-base /home/mcpslab/Desktop/ROS-Tutorials/Node-Test/build/oakd/build install --prefix /home/mcpslab/Desktop/ROS-Tutorials/Node-Test/install/oakd --record /home/mcpslab/Desktop/ROS-Tutorials/Node-Test/build/oakd/install.log --single-version-externally-managed
[1.607s] running egg_info
[1.608s] writing ../../build/oakd/oakd.egg-info/PKG-INFO
[1.608s] writing dependency_links to ../../build/oakd/oakd.egg-info/dependency_links.txt
[1.608s] writing entry points to ../../build/oakd/oakd.egg-info/entry_points.txt
[1.608s] writing requirements to ../../build/oakd/oakd.egg-info/requires.txt
[1.609s] writing top-level names to ../../build/oakd/oakd.egg-info/top_level.txt
[1.660s] reading manifest file '../../build/oakd/oakd.egg-info/SOURCES.txt'
[1.684s] writing manifest file '../../build/oakd/oakd.egg-info/SOURCES.txt'
[1.685s] running build
[1.685s] running build_py
[1.685s] copying oakd/imu_rotation_vector.py -> /home/mcpslab/Desktop/ROS-Tutorials/Node-Test/build/oakd/build/lib/oakd
[1.685s] running install
[1.686s] running install_lib
[1.688s] copying /home/mcpslab/Desktop/ROS-Tutorials/Node-Test/build/oakd/build/lib/oakd/imu_rotation_vector.py -> /home/mcpslab/Desktop/ROS-Tutorials/Node-Test/install/oakd/lib/python3.8/site-packages/oakd
[1.689s] byte-compiling /home/mcpslab/Desktop/ROS-Tutorials/Node-Test/install/oakd/lib/python3.8/site-packages/oakd/imu_rotation_vector.py to imu_rotation_vector.cpython-38.pyc
[1.692s] running install_data
[1.692s] running install_egg_info
[1.695s] removing '/home/mcpslab/Desktop/ROS-Tutorials/Node-Test/install/oakd/lib/python3.8/site-packages/oakd-0.0.0-py3.8.egg-info' (and everything under it)
[1.695s] Copying ../../build/oakd/oakd.egg-info to /home/mcpslab/Desktop/ROS-Tutorials/Node-Test/install/oakd/lib/python3.8/site-packages/oakd-0.0.0-py3.8.egg-info
[1.697s] running install_scripts
[1.724s] Installing oakd_imu script to /home/mcpslab/Desktop/ROS-Tutorials/Node-Test/install/oakd/lib/oakd
[1.724s] Installing oakd_imu_rotation script to /home/mcpslab/Desktop/ROS-Tutorials/Node-Test/install/oakd/lib/oakd
[1.724s] Installing oakd_rgb script to /home/mcpslab/Desktop/ROS-Tutorials/Node-Test/install/oakd/lib/oakd
[1.724s] Installing oakd_starter script to /home/mcpslab/Desktop/ROS-Tutorials/Node-Test/install/oakd/lib/oakd
[1.725s] writing list of installed files to '/home/mcpslab/Desktop/ROS-Tutorials/Node-Test/build/oakd/install.log'
[1.759s] Invoked command in '/home/mcpslab/Desktop/ROS-Tutorials/Node-Test/src/oakd' returned '0': PYTHONPATH=/home/mcpslab/Desktop/ROS-Tutorials/Node-Test/install/oakd/lib/python3.8/site-packages:${PYTHONPATH} /usr/bin/python3 setup.py egg_info --egg-base ../../build/oakd build --build-base /home/mcpslab/Desktop/ROS-Tutorials/Node-Test/build/oakd/build install --prefix /home/mcpslab/Desktop/ROS-Tutorials/Node-Test/install/oakd --record /home/mcpslab/Desktop/ROS-Tutorials/Node-Test/build/oakd/install.log --single-version-externally-managed
